<?xml version="1.0" encoding="utf-8"?>
<CoverageSession xmlns:xsd="http://www.w3.org/2001/XMLSchema" xmlns:xsi="http://www.w3.org/2001/XMLSchema-instance" Version="4.6.0.0">
  <Summary numSequencePoints="297" visitedSequencePoints="26" numBranchPoints="80" visitedBranchPoints="6" sequenceCoverage="8.75" branchCoverage="7.5" maxCyclomaticComplexity="10" minCyclomaticComplexity="0" maxCrapScore="110" minCrapScore="0" visitedClasses="2" numClasses="11" visitedMethods="6" numMethods="46" />
  <Modules>
    <Module hash="95-0B-E2-BE-98-28-78-06-0A-DB-01-83-28-AD-EE-19-5C-3E-59-4D">
      <Summary numSequencePoints="18" visitedSequencePoints="15" numBranchPoints="4" visitedBranchPoints="3" sequenceCoverage="83.33" branchCoverage="75" maxCyclomaticComplexity="3" minCyclomaticComplexity="0" maxCrapScore="3" minCrapScore="0" visitedClasses="1" numClasses="2" visitedMethods="3" numMethods="4" />
      <ModulePath>C:\Users\agust\Source\Repos\Bike\Bike\Bike.Tests\bin\Debug\Bike.Tests.dll</ModulePath>
      <ModuleTime>2018-12-11T19:42:43.3209132Z</ModuleTime>
      <ModuleName>Bike.Tests</ModuleName>
      <Files>
        <File uid="1" fullPath="C:\Users\agust\Source\Repos\Bike\Bike\Bike.Tests\Controllers\ClientsControllerTest.cs" />
        <File uid="2" fullPath="C:\Users\agust\Source\Repos\Bike\Bike\Bike.Tests\Controllers\HomeControllerTest.cs" />
      </Files>
      <Classes>
        <Class>
          <Summary numSequencePoints="3" visitedSequencePoints="0" numBranchPoints="1" visitedBranchPoints="0" sequenceCoverage="0" branchCoverage="0" maxCyclomaticComplexity="1" minCyclomaticComplexity="1" maxCrapScore="2" minCrapScore="2" visitedClasses="0" numClasses="1" visitedMethods="0" numMethods="1" />
          <FullName>Bike.Tests.Controllers.ClientsControllerTest</FullName>
          <Methods>
            <Method visited="false" cyclomaticComplexity="1" nPathComplexity="0" sequenceCoverage="0" branchCoverage="0" crapScore="2" isConstructor="false" isStatic="false" isGetter="false" isSetter="false">
              <Summary numSequencePoints="3" visitedSequencePoints="0" numBranchPoints="1" visitedBranchPoints="0" sequenceCoverage="0" branchCoverage="0" maxCyclomaticComplexity="1" minCyclomaticComplexity="1" maxCrapScore="2" minCrapScore="2" visitedClasses="0" numClasses="0" visitedMethods="0" numMethods="1" />
              <MetadataToken>100663297</MetadataToken>
              <Name>System.Void Bike.Tests.Controllers.ClientsControllerTest::ActionResultIndex()</Name>
              <FileRef uid="1" />
              <SequencePoints>
                <SequencePoint vc="0" uspid="1" ordinal="0" offset="0" sl="18" sc="9" el="18" ec="10" bec="0" bev="0" fileid="1" />
                <SequencePoint vc="0" uspid="2" ordinal="1" offset="1" sl="20" sc="13" el="20" ec="68" bec="0" bev="0" fileid="1" />
                <SequencePoint vc="0" uspid="3" ordinal="2" offset="7" sl="23" sc="9" el="23" ec="10" bec="0" bev="0" fileid="1" />
              </SequencePoints>
              <BranchPoints />
              <MethodPoint xsi:type="SequencePoint" vc="0" uspid="1" ordinal="0" offset="0" sl="18" sc="9" el="18" ec="10" bec="0" bev="0" fileid="1" />
            </Method>
            <Method visited="false" cyclomaticComplexity="1" nPathComplexity="0" sequenceCoverage="0" branchCoverage="0" crapScore="2" isConstructor="true" isStatic="false" isGetter="false" isSetter="false">
              <Summary numSequencePoints="0" visitedSequencePoints="0" numBranchPoints="0" visitedBranchPoints="0" sequenceCoverage="0" branchCoverage="0" maxCyclomaticComplexity="1" minCyclomaticComplexity="1" maxCrapScore="2" minCrapScore="2" visitedClasses="0" numClasses="0" visitedMethods="0" numMethods="0" />
              <MetadataToken>100663298</MetadataToken>
              <Name>System.Void Bike.Tests.Controllers.ClientsControllerTest::.ctor()</Name>
              <SequencePoints />
              <BranchPoints />
              <MethodPoint vc="0" uspid="4" ordinal="0" offset="0" />
            </Method>
          </Methods>
        </Class>
        <Class>
          <Summary numSequencePoints="15" visitedSequencePoints="15" numBranchPoints="3" visitedBranchPoints="3" sequenceCoverage="100" branchCoverage="100" maxCyclomaticComplexity="3" minCyclomaticComplexity="1" maxCrapScore="3" minCrapScore="1" visitedClasses="1" numClasses="1" visitedMethods="3" numMethods="3" />
          <FullName>Bike.Tests.Controllers.HomeControllerTest</FullName>
          <Methods>
            <Method visited="true" cyclomaticComplexity="1" nPathComplexity="0" sequenceCoverage="100" branchCoverage="100" crapScore="1" isConstructor="false" isStatic="false" isGetter="false" isSetter="false">
              <Summary numSequencePoints="5" visitedSequencePoints="5" numBranchPoints="1" visitedBranchPoints="1" sequenceCoverage="100" branchCoverage="100" maxCyclomaticComplexity="1" minCyclomaticComplexity="1" maxCrapScore="1" minCrapScore="1" visitedClasses="0" numClasses="0" visitedMethods="1" numMethods="1" />
              <MetadataToken>100663299</MetadataToken>
              <Name>System.Void Bike.Tests.Controllers.HomeControllerTest::Index()</Name>
              <FileRef uid="2" />
              <SequencePoints>
                <SequencePoint vc="1" uspid="5" ordinal="0" offset="0" sl="17" sc="9" el="17" ec="10" bec="0" bev="0" fileid="2">
                  <TrackedMethodRefs>
                    <TrackedMethodRef uid="2" vc="1" />
                  </TrackedMethodRefs>
                </SequencePoint>
                <SequencePoint vc="1" uspid="6" ordinal="1" offset="1" sl="19" sc="13" el="19" ec="62" bec="0" bev="0" fileid="2">
                  <TrackedMethodRefs>
                    <TrackedMethodRef uid="2" vc="1" />
                  </TrackedMethodRefs>
                </SequencePoint>
                <SequencePoint vc="1" uspid="7" ordinal="2" offset="7" sl="22" sc="13" el="22" ec="66" bec="0" bev="0" fileid="2">
                  <TrackedMethodRefs>
                    <TrackedMethodRef uid="2" vc="1" />
                  </TrackedMethodRefs>
                </SequencePoint>
                <SequencePoint vc="1" uspid="8" ordinal="3" offset="19" sl="25" sc="13" el="25" ec="38" bec="0" bev="0" fileid="2">
                  <TrackedMethodRefs>
                    <TrackedMethodRef uid="2" vc="1" />
                  </TrackedMethodRefs>
                </SequencePoint>
                <SequencePoint vc="1" uspid="9" ordinal="4" offset="26" sl="26" sc="9" el="26" ec="10" bec="0" bev="0" fileid="2">
                  <TrackedMethodRefs>
                    <TrackedMethodRef uid="2" vc="1" />
                  </TrackedMethodRefs>
                </SequencePoint>
              </SequencePoints>
              <BranchPoints />
              <MethodPoint xsi:type="SequencePoint" vc="1" uspid="5" ordinal="0" offset="0" sl="17" sc="9" el="17" ec="10" bec="0" bev="0" fileid="2">
                <TrackedMethodRefs>
                  <TrackedMethodRef uid="2" vc="1" />
                </TrackedMethodRefs>
              </MethodPoint>
            </Method>
            <Method visited="true" cyclomaticComplexity="3" nPathComplexity="0" sequenceCoverage="100" branchCoverage="100" crapScore="3" isConstructor="false" isStatic="false" isGetter="false" isSetter="false">
              <Summary numSequencePoints="5" visitedSequencePoints="5" numBranchPoints="1" visitedBranchPoints="1" sequenceCoverage="100" branchCoverage="100" maxCyclomaticComplexity="3" minCyclomaticComplexity="3" maxCrapScore="3" minCrapScore="3" visitedClasses="0" numClasses="0" visitedMethods="1" numMethods="1" />
              <MetadataToken>100663300</MetadataToken>
              <Name>System.Void Bike.Tests.Controllers.HomeControllerTest::About()</Name>
              <FileRef uid="2" />
              <SequencePoints>
                <SequencePoint vc="1" uspid="10" ordinal="0" offset="0" sl="30" sc="9" el="30" ec="10" bec="0" bev="0" fileid="2">
                  <TrackedMethodRefs>
                    <TrackedMethodRef uid="3" vc="1" />
                  </TrackedMethodRefs>
                </SequencePoint>
                <SequencePoint vc="1" uspid="11" ordinal="1" offset="1" sl="32" sc="13" el="32" ec="62" bec="0" bev="0" fileid="2">
                  <TrackedMethodRefs>
                    <TrackedMethodRef uid="3" vc="1" />
                  </TrackedMethodRefs>
                </SequencePoint>
                <SequencePoint vc="1" uspid="12" ordinal="2" offset="7" sl="35" sc="13" el="35" ec="66" bec="0" bev="0" fileid="2">
                  <TrackedMethodRefs>
                    <TrackedMethodRef uid="3" vc="1" />
                  </TrackedMethodRefs>
                </SequencePoint>
                <SequencePoint vc="1" uspid="13" ordinal="3" offset="19" sl="38" sc="13" el="38" ec="91" bec="0" bev="0" fileid="2">
                  <TrackedMethodRefs>
                    <TrackedMethodRef uid="3" vc="1" />
                  </TrackedMethodRefs>
                </SequencePoint>
                <SequencePoint vc="1" uspid="14" ordinal="4" offset="219" sl="39" sc="9" el="39" ec="10" bec="0" bev="0" fileid="2">
                  <TrackedMethodRefs>
                    <TrackedMethodRef uid="3" vc="1" />
                  </TrackedMethodRefs>
                </SequencePoint>
              </SequencePoints>
              <BranchPoints />
              <MethodPoint xsi:type="SequencePoint" vc="1" uspid="10" ordinal="0" offset="0" sl="30" sc="9" el="30" ec="10" bec="0" bev="0" fileid="2">
                <TrackedMethodRefs>
                  <TrackedMethodRef uid="3" vc="1" />
                </TrackedMethodRefs>
              </MethodPoint>
            </Method>
            <Method visited="true" cyclomaticComplexity="1" nPathComplexity="0" sequenceCoverage="100" branchCoverage="100" crapScore="1" isConstructor="false" isStatic="false" isGetter="false" isSetter="false">
              <Summary numSequencePoints="5" visitedSequencePoints="5" numBranchPoints="1" visitedBranchPoints="1" sequenceCoverage="100" branchCoverage="100" maxCyclomaticComplexity="1" minCyclomaticComplexity="1" maxCrapScore="1" minCrapScore="1" visitedClasses="0" numClasses="0" visitedMethods="1" numMethods="1" />
              <MetadataToken>100663301</MetadataToken>
              <Name>System.Void Bike.Tests.Controllers.HomeControllerTest::Contact()</Name>
              <FileRef uid="2" />
              <SequencePoints>
                <SequencePoint vc="1" uspid="19" ordinal="0" offset="0" sl="43" sc="9" el="43" ec="10" bec="0" bev="0" fileid="2">
                  <TrackedMethodRefs>
                    <TrackedMethodRef uid="4" vc="1" />
                  </TrackedMethodRefs>
                </SequencePoint>
                <SequencePoint vc="1" uspid="20" ordinal="1" offset="1" sl="45" sc="13" el="45" ec="62" bec="0" bev="0" fileid="2">
                  <TrackedMethodRefs>
                    <TrackedMethodRef uid="4" vc="1" />
                  </TrackedMethodRefs>
                </SequencePoint>
                <SequencePoint vc="1" uspid="21" ordinal="2" offset="7" sl="48" sc="13" el="48" ec="68" bec="0" bev="0" fileid="2">
                  <TrackedMethodRefs>
                    <TrackedMethodRef uid="4" vc="1" />
                  </TrackedMethodRefs>
                </SequencePoint>
                <SequencePoint vc="1" uspid="22" ordinal="3" offset="19" sl="51" sc="13" el="51" ec="38" bec="0" bev="0" fileid="2">
                  <TrackedMethodRefs>
                    <TrackedMethodRef uid="4" vc="1" />
                  </TrackedMethodRefs>
                </SequencePoint>
                <SequencePoint vc="1" uspid="23" ordinal="4" offset="26" sl="52" sc="9" el="52" ec="10" bec="0" bev="0" fileid="2">
                  <TrackedMethodRefs>
                    <TrackedMethodRef uid="4" vc="1" />
                  </TrackedMethodRefs>
                </SequencePoint>
              </SequencePoints>
              <BranchPoints />
              <MethodPoint xsi:type="SequencePoint" vc="1" uspid="19" ordinal="0" offset="0" sl="43" sc="9" el="43" ec="10" bec="0" bev="0" fileid="2">
                <TrackedMethodRefs>
                  <TrackedMethodRef uid="4" vc="1" />
                </TrackedMethodRefs>
              </MethodPoint>
            </Method>
            <Method visited="false" cyclomaticComplexity="1" nPathComplexity="0" sequenceCoverage="0" branchCoverage="0" crapScore="2" isConstructor="true" isStatic="false" isGetter="false" isSetter="false">
              <Summary numSequencePoints="0" visitedSequencePoints="0" numBranchPoints="0" visitedBranchPoints="0" sequenceCoverage="0" branchCoverage="0" maxCyclomaticComplexity="1" minCyclomaticComplexity="1" maxCrapScore="2" minCrapScore="2" visitedClasses="0" numClasses="0" visitedMethods="0" numMethods="0" />
              <MetadataToken>100663302</MetadataToken>
              <Name>System.Void Bike.Tests.Controllers.HomeControllerTest::.ctor()</Name>
              <SequencePoints />
              <BranchPoints />
              <MethodPoint vc="0" uspid="24" ordinal="0" offset="0" />
            </Method>
          </Methods>
        </Class>
      </Classes>
      <TrackedMethods>
        <TrackedMethod uid="1" token="100663297" name="System.Void Bike.Tests.Controllers.ClientsControllerTest::ActionResultIndex()" strategy="MSTestTest" />
        <TrackedMethod uid="2" token="100663299" name="System.Void Bike.Tests.Controllers.HomeControllerTest::Index()" strategy="MSTestTest" />
        <TrackedMethod uid="3" token="100663300" name="System.Void Bike.Tests.Controllers.HomeControllerTest::About()" strategy="MSTestTest" />
        <TrackedMethod uid="4" token="100663301" name="System.Void Bike.Tests.Controllers.HomeControllerTest::Contact()" strategy="MSTestTest" />
      </TrackedMethods>
    </Module>
    <Module hash="DC-4C-6C-17-15-35-B8-21-18-2A-0A-9A-0B-C8-0B-6F-2C-F1-58-1C">
      <Summary numSequencePoints="279" visitedSequencePoints="11" numBranchPoints="76" visitedBranchPoints="3" sequenceCoverage="3.94" branchCoverage="3.95" maxCyclomaticComplexity="10" minCyclomaticComplexity="0" maxCrapScore="110" minCrapScore="0" visitedClasses="1" numClasses="9" visitedMethods="3" numMethods="42" />
      <ModulePath>C:\Users\agust\Source\Repos\Bike\Bike\Bike.Tests\bin\Debug\Bike.dll</ModulePath>
      <ModuleTime>2018-12-11T19:42:42.2761898Z</ModuleTime>
      <ModuleName>Bike</ModuleName>
      <Files>
        <File uid="5" fullPath="C:\Users\agust\Source\Repos\Bike\Bike\Bike\Controllers\PromotionsController.cs" />
        <File uid="6" fullPath="C:\Users\agust\Source\Repos\Bike\Bike\Bike\Controllers\TypeRentsController.cs" />
        <File uid="7" fullPath="C:\Users\agust\Source\Repos\Bike\Bike\Bike\Controllers\RentsController.cs" />
        <File uid="8" fullPath="C:\Users\agust\Source\Repos\Bike\Bike\Bike\Controllers\ClientsController.cs" />
        <File uid="9" fullPath="C:\Users\agust\Source\Repos\Bike\Bike\Bike\App_Start\BundleConfig.cs" />
        <File uid="10" fullPath="C:\Users\agust\Source\Repos\Bike\Bike\Bike\App_Start\FilterConfig.cs" />
        <File uid="11" fullPath="C:\Users\agust\Source\Repos\Bike\Bike\Bike\App_Start\RouteConfig.cs" />
        <File uid="12" fullPath="C:\Users\agust\Source\Repos\Bike\Bike\Bike\Global.asax.cs" />
        <File uid="13" fullPath="C:\Users\agust\Source\Repos\Bike\Bike\Bike\Controllers\HomeController.cs" />
      </Files>
      <Classes>
        <Class>
          <Summary numSequencePoints="0" visitedSequencePoints="0" numBranchPoints="0" visitedBranchPoints="0" sequenceCoverage="0" branchCoverage="0" maxCyclomaticComplexity="10" minCyclomaticComplexity="1" maxCrapScore="110" minCrapScore="2" visitedClasses="0" numClasses="0" visitedMethods="0" numMethods="0" />
          <FullName>&lt;&gt;f__AnonymousType0`3</FullName>
          <Methods>
            <Method visited="false" cyclomaticComplexity="1" nPathComplexity="0" sequenceCoverage="0" branchCoverage="0" crapScore="2" isConstructor="false" isStatic="false" isGetter="true" isSetter="false">
              <Summary numSequencePoints="0" visitedSequencePoints="0" numBranchPoints="0" visitedBranchPoints="0" sequenceCoverage="0" branchCoverage="0" maxCyclomaticComplexity="1" minCyclomaticComplexity="1" maxCrapScore="2" minCrapScore="2" visitedClasses="0" numClasses="0" visitedMethods="0" numMethods="0" />
              <MetadataToken>100663297</MetadataToken>
              <Name>&lt;controller&gt;j__TPar &lt;&gt;f__AnonymousType0`3::get_controller()</Name>
              <SequencePoints />
              <BranchPoints />
              <MethodPoint vc="0" uspid="25" ordinal="0" offset="0" />
            </Method>
            <Method visited="false" cyclomaticComplexity="1" nPathComplexity="0" sequenceCoverage="0" branchCoverage="0" crapScore="2" isConstructor="false" isStatic="false" isGetter="true" isSetter="false">
              <Summary numSequencePoints="0" visitedSequencePoints="0" numBranchPoints="0" visitedBranchPoints="0" sequenceCoverage="0" branchCoverage="0" maxCyclomaticComplexity="1" minCyclomaticComplexity="1" maxCrapScore="2" minCrapScore="2" visitedClasses="0" numClasses="0" visitedMethods="0" numMethods="0" />
              <MetadataToken>100663298</MetadataToken>
              <Name>&lt;action&gt;j__TPar &lt;&gt;f__AnonymousType0`3::get_action()</Name>
              <SequencePoints />
              <BranchPoints />
              <MethodPoint vc="0" uspid="26" ordinal="0" offset="0" />
            </Method>
            <Method visited="false" cyclomaticComplexity="1" nPathComplexity="0" sequenceCoverage="0" branchCoverage="0" crapScore="2" isConstructor="false" isStatic="false" isGetter="true" isSetter="false">
              <Summary numSequencePoints="0" visitedSequencePoints="0" numBranchPoints="0" visitedBranchPoints="0" sequenceCoverage="0" branchCoverage="0" maxCyclomaticComplexity="1" minCyclomaticComplexity="1" maxCrapScore="2" minCrapScore="2" visitedClasses="0" numClasses="0" visitedMethods="0" numMethods="0" />
              <MetadataToken>100663299</MetadataToken>
              <Name>&lt;id&gt;j__TPar &lt;&gt;f__AnonymousType0`3::get_id()</Name>
              <SequencePoints />
              <BranchPoints />
              <MethodPoint vc="0" uspid="27" ordinal="0" offset="0" />
            </Method>
            <Method visited="false" cyclomaticComplexity="1" nPathComplexity="0" sequenceCoverage="0" branchCoverage="0" crapScore="2" isConstructor="true" isStatic="false" isGetter="false" isSetter="false">
              <Summary numSequencePoints="0" visitedSequencePoints="0" numBranchPoints="0" visitedBranchPoints="0" sequenceCoverage="0" branchCoverage="0" maxCyclomaticComplexity="1" minCyclomaticComplexity="1" maxCrapScore="2" minCrapScore="2" visitedClasses="0" numClasses="0" visitedMethods="0" numMethods="0" />
              <MetadataToken>100663300</MetadataToken>
              <Name>System.Void &lt;&gt;f__AnonymousType0`3::.ctor(&lt;controller&gt;j__TPar,&lt;action&gt;j__TPar,&lt;id&gt;j__TPar)</Name>
              <SequencePoints />
              <BranchPoints />
              <MethodPoint vc="0" uspid="28" ordinal="0" offset="0" />
            </Method>
            <Method visited="false" cyclomaticComplexity="4" nPathComplexity="0" sequenceCoverage="0" branchCoverage="0" crapScore="20" isConstructor="false" isStatic="false" isGetter="false" isSetter="false">
              <Summary numSequencePoints="0" visitedSequencePoints="0" numBranchPoints="0" visitedBranchPoints="0" sequenceCoverage="0" branchCoverage="0" maxCyclomaticComplexity="4" minCyclomaticComplexity="4" maxCrapScore="20" minCrapScore="20" visitedClasses="0" numClasses="0" visitedMethods="0" numMethods="0" />
              <MetadataToken>100663301</MetadataToken>
              <Name>System.Boolean &lt;&gt;f__AnonymousType0`3::Equals(System.Object)</Name>
              <SequencePoints />
              <BranchPoints />
              <MethodPoint vc="0" uspid="29" ordinal="0" offset="0" />
            </Method>
            <Method visited="false" cyclomaticComplexity="1" nPathComplexity="0" sequenceCoverage="0" branchCoverage="0" crapScore="2" isConstructor="false" isStatic="false" isGetter="false" isSetter="false">
              <Summary numSequencePoints="0" visitedSequencePoints="0" numBranchPoints="0" visitedBranchPoints="0" sequenceCoverage="0" branchCoverage="0" maxCyclomaticComplexity="1" minCyclomaticComplexity="1" maxCrapScore="2" minCrapScore="2" visitedClasses="0" numClasses="0" visitedMethods="0" numMethods="0" />
              <MetadataToken>100663302</MetadataToken>
              <Name>System.Int32 &lt;&gt;f__AnonymousType0`3::GetHashCode()</Name>
              <SequencePoints />
              <BranchPoints />
              <MethodPoint vc="0" uspid="30" ordinal="0" offset="0" />
            </Method>
            <Method visited="false" cyclomaticComplexity="10" nPathComplexity="0" sequenceCoverage="0" branchCoverage="0" crapScore="110" isConstructor="false" isStatic="false" isGetter="false" isSetter="false">
              <Summary numSequencePoints="0" visitedSequencePoints="0" numBranchPoints="0" visitedBranchPoints="0" sequenceCoverage="0" branchCoverage="0" maxCyclomaticComplexity="10" minCyclomaticComplexity="10" maxCrapScore="110" minCrapScore="110" visitedClasses="0" numClasses="0" visitedMethods="0" numMethods="0" />
              <MetadataToken>100663303</MetadataToken>
              <Name>System.String &lt;&gt;f__AnonymousType0`3::ToString()</Name>
              <SequencePoints />
              <BranchPoints />
              <MethodPoint vc="0" uspid="31" ordinal="0" offset="0" />
            </Method>
          </Methods>
        </Class>
        <Class>
          <Summary numSequencePoints="35" visitedSequencePoints="0" numBranchPoints="12" visitedBranchPoints="0" sequenceCoverage="0" branchCoverage="0" maxCyclomaticComplexity="2" minCyclomaticComplexity="1" maxCrapScore="6" minCrapScore="2" visitedClasses="0" numClasses="1" visitedMethods="0" numMethods="8" />
          <FullName>Presentation.Controllers.PromotionsController</FullName>
          <Methods>
            <Method visited="false" cyclomaticComplexity="2" nPathComplexity="2" sequenceCoverage="0" branchCoverage="0" crapScore="6" isConstructor="true" isStatic="false" isGetter="false" isSetter="false">
              <Summary numSequencePoints="5" visitedSequencePoints="0" numBranchPoints="3" visitedBranchPoints="0" sequenceCoverage="0" branchCoverage="0" maxCyclomaticComplexity="2" minCyclomaticComplexity="2" maxCrapScore="6" minCrapScore="6" visitedClasses="0" numClasses="0" visitedMethods="0" numMethods="1" />
              <MetadataToken>100663304</MetadataToken>
              <Name>System.Void Presentation.Controllers.PromotionsController::.ctor()</Name>
              <FileRef uid="5" />
              <SequencePoints>
                <SequencePoint vc="0" uspid="32" ordinal="0" offset="0" sl="17" sc="9" el="17" ec="38" bec="0" bev="0" fileid="5" />
                <SequencePoint vc="0" uspid="33" ordinal="1" offset="7" sl="18" sc="9" el="18" ec="10" bec="0" bev="0" fileid="5" />
                <SequencePoint vc="0" uspid="34" ordinal="2" offset="8" sl="19" sc="13" el="19" ec="51" bec="2" bev="0" fileid="5" />
                <SequencePoint vc="0" uspid="35" ordinal="3" offset="21" sl="20" sc="17" el="20" ec="76" bec="0" bev="0" fileid="5" />
                <SequencePoint vc="0" uspid="36" ordinal="4" offset="32" sl="22" sc="9" el="22" ec="10" bec="0" bev="0" fileid="5" />
              </SequencePoints>
              <BranchPoints>
                <BranchPoint vc="0" uspid="37" ordinal="0" offset="19" sl="19" path="0" offsetend="21" fileid="5" />
                <BranchPoint vc="0" uspid="38" ordinal="1" offset="19" sl="19" path="1" offsetend="32" fileid="5" />
              </BranchPoints>
              <MethodPoint xsi:type="SequencePoint" vc="0" uspid="32" ordinal="0" offset="0" sl="17" sc="9" el="17" ec="38" bec="0" bev="0" fileid="5" />
            </Method>
            <Method visited="false" cyclomaticComplexity="1" nPathComplexity="0" sequenceCoverage="0" branchCoverage="0" crapScore="2" isConstructor="false" isStatic="false" isGetter="false" isSetter="false">
              <Summary numSequencePoints="4" visitedSequencePoints="0" numBranchPoints="1" visitedBranchPoints="0" sequenceCoverage="0" branchCoverage="0" maxCyclomaticComplexity="1" minCyclomaticComplexity="1" maxCrapScore="2" minCrapScore="2" visitedClasses="0" numClasses="0" visitedMethods="0" numMethods="1" />
              <MetadataToken>100663305</MetadataToken>
              <Name>System.Web.Mvc.ActionResult Presentation.Controllers.PromotionsController::Index()</Name>
              <FileRef uid="5" />
              <SequencePoints>
                <SequencePoint vc="0" uspid="39" ordinal="0" offset="0" sl="24" sc="9" el="24" ec="10" bec="0" bev="0" fileid="5" />
                <SequencePoint vc="0" uspid="40" ordinal="1" offset="1" sl="25" sc="13" el="25" ec="62" bec="0" bev="0" fileid="5" />
                <SequencePoint vc="0" uspid="41" ordinal="2" offset="13" sl="26" sc="13" el="26" ec="31" bec="0" bev="0" fileid="5" />
                <SequencePoint vc="0" uspid="42" ordinal="3" offset="23" sl="27" sc="9" el="27" ec="10" bec="0" bev="0" fileid="5" />
              </SequencePoints>
              <BranchPoints />
              <MethodPoint xsi:type="SequencePoint" vc="0" uspid="39" ordinal="0" offset="0" sl="24" sc="9" el="24" ec="10" bec="0" bev="0" fileid="5" />
            </Method>
            <Method visited="false" cyclomaticComplexity="1" nPathComplexity="0" sequenceCoverage="0" branchCoverage="0" crapScore="2" isConstructor="false" isStatic="false" isGetter="false" isSetter="false">
              <Summary numSequencePoints="3" visitedSequencePoints="0" numBranchPoints="1" visitedBranchPoints="0" sequenceCoverage="0" branchCoverage="0" maxCyclomaticComplexity="1" minCyclomaticComplexity="1" maxCrapScore="2" minCrapScore="2" visitedClasses="0" numClasses="0" visitedMethods="0" numMethods="1" />
              <MetadataToken>100663306</MetadataToken>
              <Name>System.Web.Mvc.ActionResult Presentation.Controllers.PromotionsController::Create()</Name>
              <FileRef uid="5" />
              <SequencePoints>
                <SequencePoint vc="0" uspid="43" ordinal="0" offset="0" sl="32" sc="9" el="32" ec="10" bec="0" bev="0" fileid="5" />
                <SequencePoint vc="0" uspid="44" ordinal="1" offset="1" sl="33" sc="13" el="33" ec="27" bec="0" bev="0" fileid="5" />
                <SequencePoint vc="0" uspid="45" ordinal="2" offset="10" sl="34" sc="9" el="34" ec="10" bec="0" bev="0" fileid="5" />
              </SequencePoints>
              <BranchPoints />
              <MethodPoint xsi:type="SequencePoint" vc="0" uspid="43" ordinal="0" offset="0" sl="32" sc="9" el="32" ec="10" bec="0" bev="0" fileid="5" />
            </Method>
            <Method visited="false" cyclomaticComplexity="2" nPathComplexity="2" sequenceCoverage="0" branchCoverage="0" crapScore="6" isConstructor="false" isStatic="false" isGetter="false" isSetter="false">
              <Summary numSequencePoints="7" visitedSequencePoints="0" numBranchPoints="3" visitedBranchPoints="0" sequenceCoverage="0" branchCoverage="0" maxCyclomaticComplexity="2" minCyclomaticComplexity="2" maxCrapScore="6" minCrapScore="6" visitedClasses="0" numClasses="0" visitedMethods="0" numMethods="1" />
              <MetadataToken>100663307</MetadataToken>
              <Name>System.Web.Mvc.ActionResult Presentation.Controllers.PromotionsController::Create(BAL.Models.ModelTypePromotions)</Name>
              <FileRef uid="5" />
              <SequencePoints>
                <SequencePoint vc="0" uspid="46" ordinal="0" offset="0" sl="39" sc="9" el="39" ec="10" bec="0" bev="0" fileid="5" />
                <SequencePoint vc="0" uspid="47" ordinal="1" offset="1" sl="40" sc="13" el="40" ec="36" bec="2" bev="0" fileid="5" />
                <SequencePoint vc="0" uspid="48" ordinal="2" offset="16" sl="41" sc="13" el="41" ec="14" bec="0" bev="0" fileid="5" />
                <SequencePoint vc="0" uspid="49" ordinal="3" offset="17" sl="42" sc="17" el="42" ec="67" bec="0" bev="0" fileid="5" />
                <SequencePoint vc="0" uspid="50" ordinal="4" offset="30" sl="43" sc="13" el="43" ec="14" bec="0" bev="0" fileid="5" />
                <SequencePoint vc="0" uspid="51" ordinal="5" offset="31" sl="44" sc="13" el="44" ec="46" bec="0" bev="0" fileid="5" />
                <SequencePoint vc="0" uspid="52" ordinal="6" offset="45" sl="46" sc="9" el="46" ec="10" bec="0" bev="0" fileid="5" />
              </SequencePoints>
              <BranchPoints>
                <BranchPoint vc="0" uspid="53" ordinal="0" offset="14" sl="40" path="0" offsetend="16" fileid="5" />
                <BranchPoint vc="0" uspid="54" ordinal="1" offset="14" sl="40" path="1" offsetend="31" fileid="5" />
              </BranchPoints>
              <MethodPoint xsi:type="SequencePoint" vc="0" uspid="46" ordinal="0" offset="0" sl="39" sc="9" el="39" ec="10" bec="0" bev="0" fileid="5" />
            </Method>
            <Method visited="false" cyclomaticComplexity="1" nPathComplexity="0" sequenceCoverage="0" branchCoverage="0" crapScore="2" isConstructor="false" isStatic="false" isGetter="false" isSetter="false">
              <Summary numSequencePoints="4" visitedSequencePoints="0" numBranchPoints="1" visitedBranchPoints="0" sequenceCoverage="0" branchCoverage="0" maxCyclomaticComplexity="1" minCyclomaticComplexity="1" maxCrapScore="2" minCrapScore="2" visitedClasses="0" numClasses="0" visitedMethods="0" numMethods="1" />
              <MetadataToken>100663308</MetadataToken>
              <Name>System.Web.Mvc.ActionResult Presentation.Controllers.PromotionsController::Edit(System.Int32)</Name>
              <FileRef uid="5" />
              <SequencePoints>
                <SequencePoint vc="0" uspid="55" ordinal="0" offset="0" sl="50" sc="9" el="50" ec="10" bec="0" bev="0" fileid="5" />
                <SequencePoint vc="0" uspid="56" ordinal="1" offset="1" sl="51" sc="13" el="51" ec="77" bec="0" bev="0" fileid="5" />
                <SequencePoint vc="0" uspid="57" ordinal="2" offset="14" sl="52" sc="13" el="52" ec="30" bec="0" bev="0" fileid="5" />
                <SequencePoint vc="0" uspid="58" ordinal="3" offset="24" sl="53" sc="9" el="53" ec="10" bec="0" bev="0" fileid="5" />
              </SequencePoints>
              <BranchPoints />
              <MethodPoint xsi:type="SequencePoint" vc="0" uspid="55" ordinal="0" offset="0" sl="50" sc="9" el="50" ec="10" bec="0" bev="0" fileid="5" />
            </Method>
            <Method visited="false" cyclomaticComplexity="1" nPathComplexity="0" sequenceCoverage="0" branchCoverage="0" crapScore="2" isConstructor="false" isStatic="false" isGetter="false" isSetter="false">
              <Summary numSequencePoints="4" visitedSequencePoints="0" numBranchPoints="1" visitedBranchPoints="0" sequenceCoverage="0" branchCoverage="0" maxCyclomaticComplexity="1" minCyclomaticComplexity="1" maxCrapScore="2" minCrapScore="2" visitedClasses="0" numClasses="0" visitedMethods="0" numMethods="1" />
              <MetadataToken>100663309</MetadataToken>
              <Name>System.Web.Mvc.ActionResult Presentation.Controllers.PromotionsController::Edit(BAL.Models.ModelTypePromotions)</Name>
              <FileRef uid="5" />
              <SequencePoints>
                <SequencePoint vc="0" uspid="59" ordinal="0" offset="0" sl="58" sc="9" el="58" ec="10" bec="0" bev="0" fileid="5" />
                <SequencePoint vc="0" uspid="60" ordinal="1" offset="1" sl="59" sc="13" el="59" ec="64" bec="0" bev="0" fileid="5" />
                <SequencePoint vc="0" uspid="61" ordinal="2" offset="14" sl="60" sc="13" el="60" ec="46" bec="0" bev="0" fileid="5" />
                <SequencePoint vc="0" uspid="62" ordinal="3" offset="28" sl="61" sc="9" el="61" ec="10" bec="0" bev="0" fileid="5" />
              </SequencePoints>
              <BranchPoints />
              <MethodPoint xsi:type="SequencePoint" vc="0" uspid="59" ordinal="0" offset="0" sl="58" sc="9" el="58" ec="10" bec="0" bev="0" fileid="5" />
            </Method>
            <Method visited="false" cyclomaticComplexity="1" nPathComplexity="0" sequenceCoverage="0" branchCoverage="0" crapScore="2" isConstructor="false" isStatic="false" isGetter="false" isSetter="false">
              <Summary numSequencePoints="4" visitedSequencePoints="0" numBranchPoints="1" visitedBranchPoints="0" sequenceCoverage="0" branchCoverage="0" maxCyclomaticComplexity="1" minCyclomaticComplexity="1" maxCrapScore="2" minCrapScore="2" visitedClasses="0" numClasses="0" visitedMethods="0" numMethods="1" />
              <MetadataToken>100663310</MetadataToken>
              <Name>System.Web.Mvc.ActionResult Presentation.Controllers.PromotionsController::Delete(System.Int32)</Name>
              <FileRef uid="5" />
              <SequencePoints>
                <SequencePoint vc="0" uspid="63" ordinal="0" offset="0" sl="64" sc="9" el="64" ec="10" bec="0" bev="0" fileid="5" />
                <SequencePoint vc="0" uspid="64" ordinal="1" offset="1" sl="65" sc="13" el="65" ec="77" bec="0" bev="0" fileid="5" />
                <SequencePoint vc="0" uspid="65" ordinal="2" offset="14" sl="66" sc="13" el="66" ec="30" bec="0" bev="0" fileid="5" />
                <SequencePoint vc="0" uspid="66" ordinal="3" offset="24" sl="67" sc="9" el="67" ec="10" bec="0" bev="0" fileid="5" />
              </SequencePoints>
              <BranchPoints />
              <MethodPoint xsi:type="SequencePoint" vc="0" uspid="63" ordinal="0" offset="0" sl="64" sc="9" el="64" ec="10" bec="0" bev="0" fileid="5" />
            </Method>
            <Method visited="false" cyclomaticComplexity="1" nPathComplexity="0" sequenceCoverage="0" branchCoverage="0" crapScore="2" isConstructor="false" isStatic="false" isGetter="false" isSetter="false">
              <Summary numSequencePoints="4" visitedSequencePoints="0" numBranchPoints="1" visitedBranchPoints="0" sequenceCoverage="0" branchCoverage="0" maxCyclomaticComplexity="1" minCyclomaticComplexity="1" maxCrapScore="2" minCrapScore="2" visitedClasses="0" numClasses="0" visitedMethods="0" numMethods="1" />
              <MetadataToken>100663311</MetadataToken>
              <Name>System.Web.Mvc.ActionResult Presentation.Controllers.PromotionsController::DeletePromotion(System.Int32)</Name>
              <FileRef uid="5" />
              <SequencePoints>
                <SequencePoint vc="0" uspid="67" ordinal="0" offset="0" sl="71" sc="9" el="71" ec="10" bec="0" bev="0" fileid="5" />
                <SequencePoint vc="0" uspid="68" ordinal="1" offset="1" sl="72" sc="13" el="72" ec="63" bec="0" bev="0" fileid="5" />
                <SequencePoint vc="0" uspid="69" ordinal="2" offset="14" sl="73" sc="13" el="73" ec="46" bec="0" bev="0" fileid="5" />
                <SequencePoint vc="0" uspid="70" ordinal="3" offset="28" sl="74" sc="9" el="74" ec="10" bec="0" bev="0" fileid="5" />
              </SequencePoints>
              <BranchPoints />
              <MethodPoint xsi:type="SequencePoint" vc="0" uspid="67" ordinal="0" offset="0" sl="71" sc="9" el="71" ec="10" bec="0" bev="0" fileid="5" />
            </Method>
          </Methods>
        </Class>
        <Class>
          <Summary numSequencePoints="35" visitedSequencePoints="0" numBranchPoints="12" visitedBranchPoints="0" sequenceCoverage="0" branchCoverage="0" maxCyclomaticComplexity="2" minCyclomaticComplexity="1" maxCrapScore="6" minCrapScore="2" visitedClasses="0" numClasses="1" visitedMethods="0" numMethods="8" />
          <FullName>Presentation.Controllers.TypeRentsController</FullName>
          <Methods>
            <Method visited="false" cyclomaticComplexity="2" nPathComplexity="2" sequenceCoverage="0" branchCoverage="0" crapScore="6" isConstructor="true" isStatic="false" isGetter="false" isSetter="false">
              <Summary numSequencePoints="5" visitedSequencePoints="0" numBranchPoints="3" visitedBranchPoints="0" sequenceCoverage="0" branchCoverage="0" maxCyclomaticComplexity="2" minCyclomaticComplexity="2" maxCrapScore="6" minCrapScore="6" visitedClasses="0" numClasses="0" visitedMethods="0" numMethods="1" />
              <MetadataToken>100663312</MetadataToken>
              <Name>System.Void Presentation.Controllers.TypeRentsController::.ctor()</Name>
              <FileRef uid="6" />
              <SequencePoints>
                <SequencePoint vc="0" uspid="71" ordinal="0" offset="0" sl="17" sc="9" el="17" ec="37" bec="0" bev="0" fileid="6" />
                <SequencePoint vc="0" uspid="72" ordinal="1" offset="7" sl="18" sc="9" el="18" ec="10" bec="0" bev="0" fileid="6" />
                <SequencePoint vc="0" uspid="73" ordinal="2" offset="8" sl="19" sc="13" el="19" ec="46" bec="2" bev="0" fileid="6" />
                <SequencePoint vc="0" uspid="74" ordinal="3" offset="21" sl="20" sc="17" el="20" ec="66" bec="0" bev="0" fileid="6" />
                <SequencePoint vc="0" uspid="75" ordinal="4" offset="32" sl="22" sc="9" el="22" ec="10" bec="0" bev="0" fileid="6" />
              </SequencePoints>
              <BranchPoints>
                <BranchPoint vc="0" uspid="76" ordinal="0" offset="19" sl="19" path="0" offsetend="21" fileid="6" />
                <BranchPoint vc="0" uspid="77" ordinal="1" offset="19" sl="19" path="1" offsetend="32" fileid="6" />
              </BranchPoints>
              <MethodPoint xsi:type="SequencePoint" vc="0" uspid="71" ordinal="0" offset="0" sl="17" sc="9" el="17" ec="37" bec="0" bev="0" fileid="6" />
            </Method>
            <Method visited="false" cyclomaticComplexity="1" nPathComplexity="0" sequenceCoverage="0" branchCoverage="0" crapScore="2" isConstructor="false" isStatic="false" isGetter="false" isSetter="false">
              <Summary numSequencePoints="4" visitedSequencePoints="0" numBranchPoints="1" visitedBranchPoints="0" sequenceCoverage="0" branchCoverage="0" maxCyclomaticComplexity="1" minCyclomaticComplexity="1" maxCrapScore="2" minCrapScore="2" visitedClasses="0" numClasses="0" visitedMethods="0" numMethods="1" />
              <MetadataToken>100663313</MetadataToken>
              <Name>System.Web.Mvc.ActionResult Presentation.Controllers.TypeRentsController::Index()</Name>
              <FileRef uid="6" />
              <SequencePoints>
                <SequencePoint vc="0" uspid="78" ordinal="0" offset="0" sl="24" sc="9" el="24" ec="10" bec="0" bev="0" fileid="6" />
                <SequencePoint vc="0" uspid="79" ordinal="1" offset="1" sl="25" sc="13" el="25" ec="57" bec="0" bev="0" fileid="6" />
                <SequencePoint vc="0" uspid="80" ordinal="2" offset="13" sl="26" sc="13" el="26" ec="31" bec="0" bev="0" fileid="6" />
                <SequencePoint vc="0" uspid="81" ordinal="3" offset="23" sl="27" sc="9" el="27" ec="10" bec="0" bev="0" fileid="6" />
              </SequencePoints>
              <BranchPoints />
              <MethodPoint xsi:type="SequencePoint" vc="0" uspid="78" ordinal="0" offset="0" sl="24" sc="9" el="24" ec="10" bec="0" bev="0" fileid="6" />
            </Method>
            <Method visited="false" cyclomaticComplexity="1" nPathComplexity="0" sequenceCoverage="0" branchCoverage="0" crapScore="2" isConstructor="false" isStatic="false" isGetter="false" isSetter="false">
              <Summary numSequencePoints="3" visitedSequencePoints="0" numBranchPoints="1" visitedBranchPoints="0" sequenceCoverage="0" branchCoverage="0" maxCyclomaticComplexity="1" minCyclomaticComplexity="1" maxCrapScore="2" minCrapScore="2" visitedClasses="0" numClasses="0" visitedMethods="0" numMethods="1" />
              <MetadataToken>100663314</MetadataToken>
              <Name>System.Web.Mvc.ActionResult Presentation.Controllers.TypeRentsController::Create()</Name>
              <FileRef uid="6" />
              <SequencePoints>
                <SequencePoint vc="0" uspid="82" ordinal="0" offset="0" sl="32" sc="9" el="32" ec="10" bec="0" bev="0" fileid="6" />
                <SequencePoint vc="0" uspid="83" ordinal="1" offset="1" sl="33" sc="13" el="33" ec="27" bec="0" bev="0" fileid="6" />
                <SequencePoint vc="0" uspid="84" ordinal="2" offset="10" sl="34" sc="9" el="34" ec="10" bec="0" bev="0" fileid="6" />
              </SequencePoints>
              <BranchPoints />
              <MethodPoint xsi:type="SequencePoint" vc="0" uspid="82" ordinal="0" offset="0" sl="32" sc="9" el="32" ec="10" bec="0" bev="0" fileid="6" />
            </Method>
            <Method visited="false" cyclomaticComplexity="2" nPathComplexity="2" sequenceCoverage="0" branchCoverage="0" crapScore="6" isConstructor="false" isStatic="false" isGetter="false" isSetter="false">
              <Summary numSequencePoints="7" visitedSequencePoints="0" numBranchPoints="3" visitedBranchPoints="0" sequenceCoverage="0" branchCoverage="0" maxCyclomaticComplexity="2" minCyclomaticComplexity="2" maxCrapScore="6" minCrapScore="6" visitedClasses="0" numClasses="0" visitedMethods="0" numMethods="1" />
              <MetadataToken>100663315</MetadataToken>
              <Name>System.Web.Mvc.ActionResult Presentation.Controllers.TypeRentsController::Create(BAL.Models.ModelTypeRents)</Name>
              <FileRef uid="6" />
              <SequencePoints>
                <SequencePoint vc="0" uspid="85" ordinal="0" offset="0" sl="39" sc="9" el="39" ec="10" bec="0" bev="0" fileid="6" />
                <SequencePoint vc="0" uspid="86" ordinal="1" offset="1" sl="40" sc="13" el="40" ec="36" bec="2" bev="0" fileid="6" />
                <SequencePoint vc="0" uspid="87" ordinal="2" offset="16" sl="41" sc="13" el="41" ec="14" bec="0" bev="0" fileid="6" />
                <SequencePoint vc="0" uspid="88" ordinal="3" offset="17" sl="42" sc="17" el="42" ec="57" bec="0" bev="0" fileid="6" />
                <SequencePoint vc="0" uspid="89" ordinal="4" offset="30" sl="43" sc="13" el="43" ec="14" bec="0" bev="0" fileid="6" />
                <SequencePoint vc="0" uspid="90" ordinal="5" offset="31" sl="44" sc="13" el="44" ec="46" bec="0" bev="0" fileid="6" />
                <SequencePoint vc="0" uspid="91" ordinal="6" offset="45" sl="46" sc="9" el="46" ec="10" bec="0" bev="0" fileid="6" />
              </SequencePoints>
              <BranchPoints>
                <BranchPoint vc="0" uspid="92" ordinal="0" offset="14" sl="40" path="0" offsetend="16" fileid="6" />
                <BranchPoint vc="0" uspid="93" ordinal="1" offset="14" sl="40" path="1" offsetend="31" fileid="6" />
              </BranchPoints>
              <MethodPoint xsi:type="SequencePoint" vc="0" uspid="85" ordinal="0" offset="0" sl="39" sc="9" el="39" ec="10" bec="0" bev="0" fileid="6" />
            </Method>
            <Method visited="false" cyclomaticComplexity="1" nPathComplexity="0" sequenceCoverage="0" branchCoverage="0" crapScore="2" isConstructor="false" isStatic="false" isGetter="false" isSetter="false">
              <Summary numSequencePoints="4" visitedSequencePoints="0" numBranchPoints="1" visitedBranchPoints="0" sequenceCoverage="0" branchCoverage="0" maxCyclomaticComplexity="1" minCyclomaticComplexity="1" maxCrapScore="2" minCrapScore="2" visitedClasses="0" numClasses="0" visitedMethods="0" numMethods="1" />
              <MetadataToken>100663316</MetadataToken>
              <Name>System.Web.Mvc.ActionResult Presentation.Controllers.TypeRentsController::Edit(System.Int32)</Name>
              <FileRef uid="6" />
              <SequencePoints>
                <SequencePoint vc="0" uspid="94" ordinal="0" offset="0" sl="50" sc="9" el="50" ec="10" bec="0" bev="0" fileid="6" />
                <SequencePoint vc="0" uspid="95" ordinal="1" offset="1" sl="51" sc="13" el="51" ec="67" bec="0" bev="0" fileid="6" />
                <SequencePoint vc="0" uspid="96" ordinal="2" offset="14" sl="52" sc="13" el="52" ec="30" bec="0" bev="0" fileid="6" />
                <SequencePoint vc="0" uspid="97" ordinal="3" offset="24" sl="53" sc="9" el="53" ec="10" bec="0" bev="0" fileid="6" />
              </SequencePoints>
              <BranchPoints />
              <MethodPoint xsi:type="SequencePoint" vc="0" uspid="94" ordinal="0" offset="0" sl="50" sc="9" el="50" ec="10" bec="0" bev="0" fileid="6" />
            </Method>
            <Method visited="false" cyclomaticComplexity="1" nPathComplexity="0" sequenceCoverage="0" branchCoverage="0" crapScore="2" isConstructor="false" isStatic="false" isGetter="false" isSetter="false">
              <Summary numSequencePoints="4" visitedSequencePoints="0" numBranchPoints="1" visitedBranchPoints="0" sequenceCoverage="0" branchCoverage="0" maxCyclomaticComplexity="1" minCyclomaticComplexity="1" maxCrapScore="2" minCrapScore="2" visitedClasses="0" numClasses="0" visitedMethods="0" numMethods="1" />
              <MetadataToken>100663317</MetadataToken>
              <Name>System.Web.Mvc.ActionResult Presentation.Controllers.TypeRentsController::Edit(BAL.Models.ModelTypeRents)</Name>
              <FileRef uid="6" />
              <SequencePoints>
                <SequencePoint vc="0" uspid="98" ordinal="0" offset="0" sl="57" sc="9" el="57" ec="10" bec="0" bev="0" fileid="6" />
                <SequencePoint vc="0" uspid="99" ordinal="1" offset="1" sl="58" sc="13" el="58" ec="54" bec="0" bev="0" fileid="6" />
                <SequencePoint vc="0" uspid="100" ordinal="2" offset="14" sl="59" sc="13" el="59" ec="46" bec="0" bev="0" fileid="6" />
                <SequencePoint vc="0" uspid="101" ordinal="3" offset="28" sl="60" sc="9" el="60" ec="10" bec="0" bev="0" fileid="6" />
              </SequencePoints>
              <BranchPoints />
              <MethodPoint xsi:type="SequencePoint" vc="0" uspid="98" ordinal="0" offset="0" sl="57" sc="9" el="57" ec="10" bec="0" bev="0" fileid="6" />
            </Method>
            <Method visited="false" cyclomaticComplexity="1" nPathComplexity="0" sequenceCoverage="0" branchCoverage="0" crapScore="2" isConstructor="false" isStatic="false" isGetter="false" isSetter="false">
              <Summary numSequencePoints="4" visitedSequencePoints="0" numBranchPoints="1" visitedBranchPoints="0" sequenceCoverage="0" branchCoverage="0" maxCyclomaticComplexity="1" minCyclomaticComplexity="1" maxCrapScore="2" minCrapScore="2" visitedClasses="0" numClasses="0" visitedMethods="0" numMethods="1" />
              <MetadataToken>100663318</MetadataToken>
              <Name>System.Web.Mvc.ActionResult Presentation.Controllers.TypeRentsController::Delete(System.Int32)</Name>
              <FileRef uid="6" />
              <SequencePoints>
                <SequencePoint vc="0" uspid="102" ordinal="0" offset="0" sl="63" sc="9" el="63" ec="10" bec="0" bev="0" fileid="6" />
                <SequencePoint vc="0" uspid="103" ordinal="1" offset="1" sl="64" sc="13" el="64" ec="67" bec="0" bev="0" fileid="6" />
                <SequencePoint vc="0" uspid="104" ordinal="2" offset="14" sl="65" sc="13" el="65" ec="30" bec="0" bev="0" fileid="6" />
                <SequencePoint vc="0" uspid="105" ordinal="3" offset="24" sl="66" sc="9" el="66" ec="10" bec="0" bev="0" fileid="6" />
              </SequencePoints>
              <BranchPoints />
              <MethodPoint xsi:type="SequencePoint" vc="0" uspid="102" ordinal="0" offset="0" sl="63" sc="9" el="63" ec="10" bec="0" bev="0" fileid="6" />
            </Method>
            <Method visited="false" cyclomaticComplexity="1" nPathComplexity="0" sequenceCoverage="0" branchCoverage="0" crapScore="2" isConstructor="false" isStatic="false" isGetter="false" isSetter="false">
              <Summary numSequencePoints="4" visitedSequencePoints="0" numBranchPoints="1" visitedBranchPoints="0" sequenceCoverage="0" branchCoverage="0" maxCyclomaticComplexity="1" minCyclomaticComplexity="1" maxCrapScore="2" minCrapScore="2" visitedClasses="0" numClasses="0" visitedMethods="0" numMethods="1" />
              <MetadataToken>100663319</MetadataToken>
              <Name>System.Web.Mvc.ActionResult Presentation.Controllers.TypeRentsController::DeleteTypeRent(System.Int32)</Name>
              <FileRef uid="6" />
              <SequencePoints>
                <SequencePoint vc="0" uspid="106" ordinal="0" offset="0" sl="70" sc="9" el="70" ec="10" bec="0" bev="0" fileid="6" />
                <SequencePoint vc="0" uspid="107" ordinal="1" offset="1" sl="71" sc="13" el="71" ec="53" bec="0" bev="0" fileid="6" />
                <SequencePoint vc="0" uspid="108" ordinal="2" offset="14" sl="72" sc="13" el="72" ec="46" bec="0" bev="0" fileid="6" />
                <SequencePoint vc="0" uspid="109" ordinal="3" offset="28" sl="73" sc="9" el="73" ec="10" bec="0" bev="0" fileid="6" />
              </SequencePoints>
              <BranchPoints />
              <MethodPoint xsi:type="SequencePoint" vc="0" uspid="106" ordinal="0" offset="0" sl="70" sc="9" el="70" ec="10" bec="0" bev="0" fileid="6" />
            </Method>
          </Methods>
        </Class>
        <Class>
          <Summary numSequencePoints="143" visitedSequencePoints="0" numBranchPoints="33" visitedBranchPoints="0" sequenceCoverage="0" branchCoverage="0" maxCyclomaticComplexity="7" minCyclomaticComplexity="1" maxCrapScore="56" minCrapScore="2" visitedClasses="0" numClasses="1" visitedMethods="0" numMethods="11" />
          <FullName>Presentation.Areas.Rents.Controllers.RentsController</FullName>
          <Methods>
            <Method visited="false" cyclomaticComplexity="7" nPathComplexity="64" sequenceCoverage="0" branchCoverage="0" crapScore="56" isConstructor="true" isStatic="false" isGetter="false" isSetter="false">
              <Summary numSequencePoints="15" visitedSequencePoints="0" numBranchPoints="13" visitedBranchPoints="0" sequenceCoverage="0" branchCoverage="0" maxCyclomaticComplexity="7" minCyclomaticComplexity="7" maxCrapScore="56" minCrapScore="56" visitedClasses="0" numClasses="0" visitedMethods="0" numMethods="1" />
              <MetadataToken>100663320</MetadataToken>
              <Name>System.Void Presentation.Areas.Rents.Controllers.RentsController::.ctor()</Name>
              <FileRef uid="7" />
              <SequencePoints>
                <SequencePoint vc="0" uspid="110" ordinal="0" offset="0" sl="22" sc="9" el="22" ec="33" bec="0" bev="0" fileid="7" />
                <SequencePoint vc="0" uspid="111" ordinal="1" offset="7" sl="23" sc="9" el="23" ec="10" bec="0" bev="0" fileid="7" />
                <SequencePoint vc="0" uspid="112" ordinal="2" offset="8" sl="24" sc="13" el="24" ec="42" bec="2" bev="0" fileid="7" />
                <SequencePoint vc="0" uspid="113" ordinal="3" offset="21" sl="25" sc="17" el="25" ec="58" bec="0" bev="0" fileid="7" />
                <SequencePoint vc="0" uspid="114" ordinal="4" offset="32" sl="26" sc="13" el="26" ec="44" bec="2" bev="0" fileid="7" />
                <SequencePoint vc="0" uspid="115" ordinal="5" offset="45" sl="27" sc="17" el="27" ec="62" bec="0" bev="0" fileid="7" />
                <SequencePoint vc="0" uspid="116" ordinal="6" offset="56" sl="28" sc="13" el="28" ec="51" bec="2" bev="0" fileid="7" />
                <SequencePoint vc="0" uspid="117" ordinal="7" offset="69" sl="29" sc="17" el="29" ec="76" bec="0" bev="0" fileid="7" />
                <SequencePoint vc="0" uspid="118" ordinal="8" offset="80" sl="30" sc="13" el="30" ec="46" bec="2" bev="0" fileid="7" />
                <SequencePoint vc="0" uspid="119" ordinal="9" offset="93" sl="31" sc="17" el="31" ec="66" bec="0" bev="0" fileid="7" />
                <SequencePoint vc="0" uspid="120" ordinal="10" offset="104" sl="32" sc="13" el="32" ec="39" bec="2" bev="0" fileid="7" />
                <SequencePoint vc="0" uspid="121" ordinal="11" offset="118" sl="33" sc="17" el="33" ec="60" bec="0" bev="0" fileid="7" />
                <SequencePoint vc="0" uspid="122" ordinal="12" offset="128" sl="34" sc="13" el="34" ec="46" bec="2" bev="0" fileid="7" />
                <SequencePoint vc="0" uspid="123" ordinal="13" offset="143" sl="35" sc="17" el="35" ec="66" bec="0" bev="0" fileid="7" />
                <SequencePoint vc="0" uspid="124" ordinal="14" offset="154" sl="37" sc="9" el="37" ec="10" bec="0" bev="0" fileid="7" />
              </SequencePoints>
              <BranchPoints>
                <BranchPoint vc="0" uspid="125" ordinal="0" offset="19" sl="24" path="0" offsetend="21" fileid="7" />
                <BranchPoint vc="0" uspid="126" ordinal="1" offset="19" sl="24" path="1" offsetend="32" fileid="7" />
                <BranchPoint vc="0" uspid="127" ordinal="2" offset="43" sl="26" path="0" offsetend="45" fileid="7" />
                <BranchPoint vc="0" uspid="128" ordinal="3" offset="43" sl="26" path="1" offsetend="56" fileid="7" />
                <BranchPoint vc="0" uspid="129" ordinal="4" offset="67" sl="28" path="0" offsetend="69" fileid="7" />
                <BranchPoint vc="0" uspid="130" ordinal="5" offset="67" sl="28" path="1" offsetend="80" fileid="7" />
                <BranchPoint vc="0" uspid="131" ordinal="6" offset="91" sl="30" path="0" offsetend="93" fileid="7" />
                <BranchPoint vc="0" uspid="132" ordinal="7" offset="91" sl="30" path="1" offsetend="104" fileid="7" />
                <BranchPoint vc="0" uspid="133" ordinal="8" offset="116" sl="32" path="0" offsetend="118" fileid="7" />
                <BranchPoint vc="0" uspid="134" ordinal="9" offset="116" sl="32" path="1" offsetend="128" fileid="7" />
                <BranchPoint vc="0" uspid="135" ordinal="10" offset="141" sl="34" path="0" offsetend="143" fileid="7" />
                <BranchPoint vc="0" uspid="136" ordinal="11" offset="141" sl="34" path="1" offsetend="154" fileid="7" />
              </BranchPoints>
              <MethodPoint xsi:type="SequencePoint" vc="0" uspid="110" ordinal="0" offset="0" sl="22" sc="9" el="22" ec="33" bec="0" bev="0" fileid="7" />
            </Method>
            <Method visited="false" cyclomaticComplexity="1" nPathComplexity="0" sequenceCoverage="0" branchCoverage="0" crapScore="2" isConstructor="false" isStatic="false" isGetter="false" isSetter="false">
              <Summary numSequencePoints="4" visitedSequencePoints="0" numBranchPoints="1" visitedBranchPoints="0" sequenceCoverage="0" branchCoverage="0" maxCyclomaticComplexity="1" minCyclomaticComplexity="1" maxCrapScore="2" minCrapScore="2" visitedClasses="0" numClasses="0" visitedMethods="0" numMethods="1" />
              <MetadataToken>100663321</MetadataToken>
              <Name>System.Web.Mvc.ActionResult Presentation.Areas.Rents.Controllers.RentsController::Index()</Name>
              <FileRef uid="7" />
              <SequencePoints>
                <SequencePoint vc="0" uspid="137" ordinal="0" offset="0" sl="41" sc="9" el="41" ec="10" bec="0" bev="0" fileid="7" />
                <SequencePoint vc="0" uspid="138" ordinal="1" offset="1" sl="42" sc="13" el="42" ec="53" bec="0" bev="0" fileid="7" />
                <SequencePoint vc="0" uspid="139" ordinal="2" offset="13" sl="43" sc="13" el="43" ec="31" bec="0" bev="0" fileid="7" />
                <SequencePoint vc="0" uspid="140" ordinal="3" offset="23" sl="44" sc="9" el="44" ec="10" bec="0" bev="0" fileid="7" />
              </SequencePoints>
              <BranchPoints />
              <MethodPoint xsi:type="SequencePoint" vc="0" uspid="137" ordinal="0" offset="0" sl="41" sc="9" el="41" ec="10" bec="0" bev="0" fileid="7" />
            </Method>
            <Method visited="false" cyclomaticComplexity="1" nPathComplexity="0" sequenceCoverage="0" branchCoverage="0" crapScore="2" isConstructor="false" isStatic="false" isGetter="false" isSetter="false">
              <Summary numSequencePoints="8" visitedSequencePoints="0" numBranchPoints="1" visitedBranchPoints="0" sequenceCoverage="0" branchCoverage="0" maxCyclomaticComplexity="1" minCyclomaticComplexity="1" maxCrapScore="2" minCrapScore="2" visitedClasses="0" numClasses="0" visitedMethods="0" numMethods="1" />
              <MetadataToken>100663322</MetadataToken>
              <Name>System.Web.Mvc.ActionResult Presentation.Areas.Rents.Controllers.RentsController::Details(System.Int32)</Name>
              <FileRef uid="7" />
              <SequencePoints>
                <SequencePoint vc="0" uspid="141" ordinal="0" offset="0" sl="48" sc="9" el="48" ec="10" bec="0" bev="0" fileid="7" />
                <SequencePoint vc="0" uspid="142" ordinal="1" offset="1" sl="50" sc="13" el="50" ec="14" bec="0" bev="0" fileid="7" />
                <SequencePoint vc="0" uspid="143" ordinal="2" offset="2" sl="51" sc="17" el="51" ec="74" bec="0" bev="0" fileid="7" />
                <SequencePoint vc="0" uspid="144" ordinal="3" offset="15" sl="52" sc="17" el="52" ec="37" bec="0" bev="0" fileid="7" />
                <SequencePoint vc="0" uspid="145" ordinal="4" offset="25" sl="55" sc="13" el="55" ec="33" bec="0" bev="0" fileid="7" />
                <SequencePoint vc="0" uspid="146" ordinal="5" offset="26" sl="56" sc="13" el="56" ec="14" bec="0" bev="0" fileid="7" />
                <SequencePoint vc="0" uspid="147" ordinal="6" offset="27" sl="57" sc="17" el="57" ec="31" bec="0" bev="0" fileid="7" />
                <SequencePoint vc="0" uspid="148" ordinal="7" offset="36" sl="59" sc="9" el="59" ec="10" bec="0" bev="0" fileid="7" />
              </SequencePoints>
              <BranchPoints />
              <MethodPoint xsi:type="SequencePoint" vc="0" uspid="141" ordinal="0" offset="0" sl="48" sc="9" el="48" ec="10" bec="0" bev="0" fileid="7" />
            </Method>
            <Method visited="false" cyclomaticComplexity="4" nPathComplexity="0" sequenceCoverage="0" branchCoverage="0" crapScore="20" isConstructor="false" isStatic="false" isGetter="false" isSetter="false">
              <Summary numSequencePoints="9" visitedSequencePoints="0" numBranchPoints="1" visitedBranchPoints="0" sequenceCoverage="0" branchCoverage="0" maxCyclomaticComplexity="4" minCyclomaticComplexity="4" maxCrapScore="20" minCrapScore="20" visitedClasses="0" numClasses="0" visitedMethods="0" numMethods="1" />
              <MetadataToken>100663323</MetadataToken>
              <Name>System.Web.Mvc.ActionResult Presentation.Areas.Rents.Controllers.RentsController::Create()</Name>
              <FileRef uid="7" />
              <SequencePoints>
                <SequencePoint vc="0" uspid="149" ordinal="0" offset="0" sl="63" sc="9" el="63" ec="10" bec="0" bev="0" fileid="7" />
                <SequencePoint vc="0" uspid="150" ordinal="1" offset="1" sl="64" sc="13" el="64" ec="56" bec="0" bev="0" fileid="7" />
                <SequencePoint vc="0" uspid="151" ordinal="2" offset="11" sl="65" sc="13" el="65" ec="58" bec="0" bev="0" fileid="7" />
                <SequencePoint vc="0" uspid="152" ordinal="3" offset="23" sl="66" sc="13" el="66" ec="62" bec="0" bev="0" fileid="7" />
                <SequencePoint vc="0" uspid="153" ordinal="4" offset="35" sl="68" sc="13" el="68" ec="39" bec="0" bev="0" fileid="7" />
                <SequencePoint vc="0" uspid="154" ordinal="5" offset="129" sl="69" sc="13" el="69" ec="43" bec="0" bev="0" fileid="7" />
                <SequencePoint vc="0" uspid="155" ordinal="6" offset="223" sl="70" sc="13" el="70" ec="51" bec="0" bev="0" fileid="7" />
                <SequencePoint vc="0" uspid="156" ordinal="7" offset="321" sl="72" sc="13" el="72" ec="27" bec="0" bev="0" fileid="7" />
                <SequencePoint vc="0" uspid="157" ordinal="8" offset="330" sl="73" sc="9" el="73" ec="10" bec="0" bev="0" fileid="7" />
              </SequencePoints>
              <BranchPoints />
              <MethodPoint xsi:type="SequencePoint" vc="0" uspid="149" ordinal="0" offset="0" sl="63" sc="9" el="63" ec="10" bec="0" bev="0" fileid="7" />
            </Method>
            <Method visited="false" cyclomaticComplexity="6" nPathComplexity="2" sequenceCoverage="0" branchCoverage="0" crapScore="42" isConstructor="false" isStatic="false" isGetter="false" isSetter="false">
              <Summary numSequencePoints="20" visitedSequencePoints="0" numBranchPoints="3" visitedBranchPoints="0" sequenceCoverage="0" branchCoverage="0" maxCyclomaticComplexity="6" minCyclomaticComplexity="6" maxCrapScore="42" minCrapScore="42" visitedClasses="0" numClasses="0" visitedMethods="0" numMethods="1" />
              <MetadataToken>100663324</MetadataToken>
              <Name>System.Web.Mvc.ActionResult Presentation.Areas.Rents.Controllers.RentsController::RemoveCar(System.Int32)</Name>
              <FileRef uid="7" />
              <SequencePoints>
                <SequencePoint vc="0" uspid="164" ordinal="0" offset="0" sl="76" sc="9" el="76" ec="10" bec="0" bev="0" fileid="7" />
                <SequencePoint vc="0" uspid="165" ordinal="1" offset="1" sl="77" sc="13" el="77" ec="39" bec="0" bev="0" fileid="7" />
                <SequencePoint vc="0" uspid="166" ordinal="2" offset="3" sl="78" sc="13" el="78" ec="20" bec="0" bev="0" fileid="7" />
                <SequencePoint vc="0" uspid="167" ordinal="3" offset="4" sl="78" sc="37" el="78" ec="50" bec="0" bev="0" fileid="7" />
                <SequencePoint vc="0" uspid="168" ordinal="4" offset="17" sl="78" sc="22" el="78" ec="33" bec="0" bev="0" fileid="7" />
                <SequencePoint vc="0" uspid="169" ordinal="5" offset="26" sl="79" sc="13" el="79" ec="14" bec="0" bev="0" fileid="7" />
                <SequencePoint vc="0" uspid="170" ordinal="6" offset="27" sl="80" sc="17" el="80" ec="48" bec="2" bev="0" fileid="7" />
                <SequencePoint vc="0" uspid="171" ordinal="7" offset="43" sl="81" sc="17" el="81" ec="18" bec="0" bev="0" fileid="7" />
                <SequencePoint vc="0" uspid="172" ordinal="8" offset="44" sl="82" sc="21" el="82" ec="35" bec="0" bev="0" fileid="7" />
                <SequencePoint vc="0" uspid="173" ordinal="9" offset="47" sl="83" sc="21" el="83" ec="27" bec="0" bev="0" fileid="7" />
                <SequencePoint vc="0" uspid="174" ordinal="10" offset="49" sl="85" sc="13" el="85" ec="14" bec="0" bev="0" fileid="7" />
                <SequencePoint vc="0" uspid="175" ordinal="11" offset="50" sl="78" sc="34" el="78" ec="36" bec="0" bev="0" fileid="7" />
                <SequencePoint vc="0" uspid="176" ordinal="12" offset="76" sl="86" sc="13" el="86" ec="39" bec="0" bev="0" fileid="7" />
                <SequencePoint vc="0" uspid="177" ordinal="13" offset="88" sl="88" sc="13" el="88" ec="58" bec="0" bev="0" fileid="7" />
                <SequencePoint vc="0" uspid="178" ordinal="14" offset="100" sl="89" sc="13" el="89" ec="62" bec="0" bev="0" fileid="7" />
                <SequencePoint vc="0" uspid="179" ordinal="15" offset="112" sl="91" sc="13" el="91" ec="39" bec="0" bev="0" fileid="7" />
                <SequencePoint vc="0" uspid="180" ordinal="16" offset="206" sl="92" sc="13" el="92" ec="43" bec="0" bev="0" fileid="7" />
                <SequencePoint vc="0" uspid="181" ordinal="17" offset="300" sl="93" sc="13" el="93" ec="51" bec="0" bev="0" fileid="7" />
                <SequencePoint vc="0" uspid="182" ordinal="18" offset="398" sl="95" sc="13" el="95" ec="35" bec="0" bev="0" fileid="7" />
                <SequencePoint vc="0" uspid="183" ordinal="19" offset="413" sl="96" sc="9" el="96" ec="10" bec="0" bev="0" fileid="7" />
              </SequencePoints>
              <BranchPoints>
                <BranchPoint vc="0" uspid="184" ordinal="0" offset="41" sl="80" path="0" offsetend="43" fileid="7" />
                <BranchPoint vc="0" uspid="185" ordinal="1" offset="41" sl="80" path="1" offsetend="49" fileid="7" />
              </BranchPoints>
              <MethodPoint xsi:type="SequencePoint" vc="0" uspid="164" ordinal="0" offset="0" sl="76" sc="9" el="76" ec="10" bec="0" bev="0" fileid="7" />
            </Method>
            <Method visited="false" cyclomaticComplexity="4" nPathComplexity="0" sequenceCoverage="0" branchCoverage="0" crapScore="20" isConstructor="false" isStatic="false" isGetter="false" isSetter="false">
              <Summary numSequencePoints="8" visitedSequencePoints="0" numBranchPoints="1" visitedBranchPoints="0" sequenceCoverage="0" branchCoverage="0" maxCyclomaticComplexity="4" minCyclomaticComplexity="4" maxCrapScore="20" minCrapScore="20" visitedClasses="0" numClasses="0" visitedMethods="0" numMethods="1" />
              <MetadataToken>100663325</MetadataToken>
              <Name>System.Web.Mvc.ActionResult Presentation.Areas.Rents.Controllers.RentsController::Create2()</Name>
              <FileRef uid="7" />
              <SequencePoints>
                <SequencePoint vc="0" uspid="194" ordinal="0" offset="0" sl="99" sc="9" el="99" ec="10" bec="0" bev="0" fileid="7" />
                <SequencePoint vc="0" uspid="195" ordinal="1" offset="1" sl="100" sc="13" el="100" ec="58" bec="0" bev="0" fileid="7" />
                <SequencePoint vc="0" uspid="196" ordinal="2" offset="13" sl="101" sc="13" el="101" ec="62" bec="0" bev="0" fileid="7" />
                <SequencePoint vc="0" uspid="197" ordinal="3" offset="25" sl="103" sc="13" el="103" ec="39" bec="0" bev="0" fileid="7" />
                <SequencePoint vc="0" uspid="198" ordinal="4" offset="119" sl="104" sc="13" el="104" ec="43" bec="0" bev="0" fileid="7" />
                <SequencePoint vc="0" uspid="199" ordinal="5" offset="213" sl="105" sc="13" el="105" ec="51" bec="0" bev="0" fileid="7" />
                <SequencePoint vc="0" uspid="200" ordinal="6" offset="311" sl="106" sc="13" el="106" ec="35" bec="0" bev="0" fileid="7" />
                <SequencePoint vc="0" uspid="201" ordinal="7" offset="325" sl="107" sc="9" el="107" ec="10" bec="0" bev="0" fileid="7" />
              </SequencePoints>
              <BranchPoints />
              <MethodPoint xsi:type="SequencePoint" vc="0" uspid="194" ordinal="0" offset="0" sl="99" sc="9" el="99" ec="10" bec="0" bev="0" fileid="7" />
            </Method>
            <Method visited="false" cyclomaticComplexity="4" nPathComplexity="2" sequenceCoverage="0" branchCoverage="0" crapScore="20" isConstructor="false" isStatic="false" isGetter="false" isSetter="false">
              <Summary numSequencePoints="11" visitedSequencePoints="0" numBranchPoints="3" visitedBranchPoints="0" sequenceCoverage="0" branchCoverage="0" maxCyclomaticComplexity="4" minCyclomaticComplexity="4" maxCrapScore="20" minCrapScore="20" visitedClasses="0" numClasses="0" visitedMethods="0" numMethods="1" />
              <MetadataToken>100663326</MetadataToken>
              <Name>System.Web.Mvc.ActionResult Presentation.Areas.Rents.Controllers.RentsController::Confirm()</Name>
              <FileRef uid="7" />
              <SequencePoints>
                <SequencePoint vc="0" uspid="208" ordinal="0" offset="0" sl="110" sc="9" el="110" ec="10" bec="0" bev="0" fileid="7" />
                <SequencePoint vc="0" uspid="209" ordinal="1" offset="1" sl="111" sc="13" el="111" ec="41" bec="2" bev="0" fileid="7" />
                <SequencePoint vc="0" uspid="210" ordinal="2" offset="21" sl="112" sc="13" el="112" ec="14" bec="0" bev="0" fileid="7" />
                <SequencePoint vc="0" uspid="211" ordinal="3" offset="22" sl="113" sc="17" el="113" ec="101" bec="0" bev="0" fileid="7" />
                <SequencePoint vc="0" uspid="212" ordinal="4" offset="44" sl="114" sc="17" el="114" ec="49" bec="0" bev="0" fileid="7" />
                <SequencePoint vc="0" uspid="213" ordinal="5" offset="138" sl="115" sc="17" el="115" ec="62" bec="0" bev="0" fileid="7" />
                <SequencePoint vc="0" uspid="214" ordinal="6" offset="150" sl="116" sc="17" el="116" ec="43" bec="0" bev="0" fileid="7" />
                <SequencePoint vc="0" uspid="215" ordinal="7" offset="244" sl="117" sc="17" el="117" ec="31" bec="0" bev="0" fileid="7" />
                <SequencePoint vc="0" uspid="216" ordinal="8" offset="253" sl="120" sc="13" el="120" ec="14" bec="0" bev="0" fileid="7" />
                <SequencePoint vc="0" uspid="217" ordinal="9" offset="254" sl="121" sc="17" el="121" ec="51" bec="0" bev="0" fileid="7" />
                <SequencePoint vc="0" uspid="218" ordinal="10" offset="268" sl="123" sc="9" el="123" ec="10" bec="0" bev="0" fileid="7" />
              </SequencePoints>
              <BranchPoints>
                <BranchPoint vc="0" uspid="219" ordinal="0" offset="16" sl="111" path="0" offsetend="21" fileid="7" />
                <BranchPoint vc="0" uspid="220" ordinal="1" offset="16" sl="111" path="1" offsetend="253" fileid="7" />
              </BranchPoints>
              <MethodPoint xsi:type="SequencePoint" vc="0" uspid="208" ordinal="0" offset="0" sl="110" sc="9" el="110" ec="10" bec="0" bev="0" fileid="7" />
            </Method>
            <Method visited="false" cyclomaticComplexity="6" nPathComplexity="8" sequenceCoverage="0" branchCoverage="0" crapScore="42" isConstructor="false" isStatic="false" isGetter="false" isSetter="false">
              <Summary numSequencePoints="40" visitedSequencePoints="0" numBranchPoints="7" visitedBranchPoints="0" sequenceCoverage="0" branchCoverage="0" maxCyclomaticComplexity="6" minCyclomaticComplexity="6" maxCrapScore="42" minCrapScore="42" visitedClasses="0" numClasses="0" visitedMethods="0" numMethods="1" />
              <MetadataToken>100663327</MetadataToken>
              <Name>System.Web.Mvc.ActionResult Presentation.Areas.Rents.Controllers.RentsController::Confirm(BAL.Models.ModelRents)</Name>
              <FileRef uid="7" />
              <SequencePoints>
                <SequencePoint vc="0" uspid="225" ordinal="0" offset="0" sl="127" sc="9" el="127" ec="10" bec="0" bev="0" fileid="7" />
                <SequencePoint vc="0" uspid="226" ordinal="1" offset="1" sl="129" sc="13" el="129" ec="41" bec="2" bev="0" fileid="7" />
                <SequencePoint vc="0" uspid="227" ordinal="2" offset="21" sl="130" sc="13" el="130" ec="14" bec="0" bev="0" fileid="7" />
                <SequencePoint vc="0" uspid="228" ordinal="3" offset="22" sl="131" sc="17" el="131" ec="40" bec="2" bev="0" fileid="7" />
                <SequencePoint vc="0" uspid="229" ordinal="4" offset="40" sl="132" sc="17" el="132" ec="18" bec="0" bev="0" fileid="7" />
                <SequencePoint vc="0" uspid="230" ordinal="5" offset="41" sl="133" sc="21" el="133" ec="47" bec="0" bev="0" fileid="7" />
                <SequencePoint vc="0" uspid="231" ordinal="6" offset="53" sl="134" sc="21" el="134" ec="58" bec="0" bev="0" fileid="7" />
                <SequencePoint vc="0" uspid="232" ordinal="7" offset="75" sl="135" sc="21" el="135" ec="38" bec="0" bev="0" fileid="7" />
                <SequencePoint vc="0" uspid="233" ordinal="8" offset="85" sl="136" sc="21" el="136" ec="28" bec="0" bev="0" fileid="7" />
                <SequencePoint vc="0" uspid="234" ordinal="9" offset="86" sl="136" sc="42" el="136" ec="55" bec="0" bev="0" fileid="7" />
                <SequencePoint vc="0" uspid="235" ordinal="10" offset="100" sl="136" sc="30" el="136" ec="38" bec="0" bev="0" fileid="7" />
                <SequencePoint vc="0" uspid="236" ordinal="11" offset="109" sl="137" sc="21" el="137" ec="22" bec="0" bev="0" fileid="7" />
                <SequencePoint vc="0" uspid="237" ordinal="12" offset="110" sl="138" sc="25" el="138" ec="45" bec="0" bev="0" fileid="7" />
                <SequencePoint vc="0" uspid="238" ordinal="13" offset="120" sl="139" sc="21" el="139" ec="22" bec="0" bev="0" fileid="7" />
                <SequencePoint vc="0" uspid="239" ordinal="14" offset="121" sl="136" sc="39" el="136" ec="41" bec="0" bev="0" fileid="7" />
                <SequencePoint vc="0" uspid="240" ordinal="15" offset="147" sl="142" sc="21" el="142" ec="54" bec="2" bev="0" fileid="7" />
                <SequencePoint vc="0" uspid="241" ordinal="16" offset="162" sl="143" sc="21" el="143" ec="22" bec="0" bev="0" fileid="7" />
                <SequencePoint vc="0" uspid="242" ordinal="17" offset="163" sl="144" sc="25" el="144" ec="116" bec="0" bev="0" fileid="7" />
                <SequencePoint vc="0" uspid="243" ordinal="18" offset="182" sl="145" sc="25" el="145" ec="113" bec="0" bev="0" fileid="7" />
                <SequencePoint vc="0" uspid="244" ordinal="19" offset="219" sl="146" sc="25" el="146" ec="70" bec="0" bev="0" fileid="7" />
                <SequencePoint vc="0" uspid="245" ordinal="20" offset="235" sl="147" sc="21" el="147" ec="22" bec="0" bev="0" fileid="7" />
                <SequencePoint vc="0" uspid="246" ordinal="21" offset="238" sl="149" sc="21" el="149" ec="22" bec="0" bev="0" fileid="7" />
                <SequencePoint vc="0" uspid="247" ordinal="22" offset="239" sl="150" sc="25" el="150" ec="45" bec="0" bev="0" fileid="7" />
                <SequencePoint vc="0" uspid="248" ordinal="23" offset="247" sl="151" sc="21" el="151" ec="22" bec="0" bev="0" fileid="7" />
                <SequencePoint vc="0" uspid="249" ordinal="24" offset="248" sl="154" sc="21" el="154" ec="66" bec="0" bev="0" fileid="7" />
                <SequencePoint vc="0" uspid="250" ordinal="25" offset="261" sl="156" sc="21" el="156" ec="28" bec="0" bev="0" fileid="7" />
                <SequencePoint vc="0" uspid="251" ordinal="26" offset="262" sl="156" sc="42" el="156" ec="55" bec="0" bev="0" fileid="7" />
                <SequencePoint vc="0" uspid="252" ordinal="27" offset="276" sl="156" sc="30" el="156" ec="38" bec="0" bev="0" fileid="7" />
                <SequencePoint vc="0" uspid="253" ordinal="28" offset="285" sl="157" sc="21" el="157" ec="22" bec="0" bev="0" fileid="7" />
                <SequencePoint vc="0" uspid="254" ordinal="29" offset="286" sl="158" sc="25" el="158" ec="48" bec="0" bev="0" fileid="7" />
                <SequencePoint vc="0" uspid="255" ordinal="30" offset="295" sl="159" sc="25" el="159" ec="48" bec="0" bev="0" fileid="7" />
                <SequencePoint vc="0" uspid="256" ordinal="31" offset="309" sl="160" sc="25" el="160" ec="64" bec="0" bev="0" fileid="7" />
                <SequencePoint vc="0" uspid="257" ordinal="32" offset="323" sl="161" sc="21" el="161" ec="22" bec="0" bev="0" fileid="7" />
                <SequencePoint vc="0" uspid="258" ordinal="33" offset="324" sl="156" sc="39" el="156" ec="41" bec="0" bev="0" fileid="7" />
                <SequencePoint vc="0" uspid="259" ordinal="34" offset="350" sl="162" sc="21" el="162" ec="54" bec="0" bev="0" fileid="7" />
                <SequencePoint vc="0" uspid="260" ordinal="35" offset="365" sl="165" sc="17" el="165" ec="18" bec="0" bev="0" fileid="7" />
                <SequencePoint vc="0" uspid="261" ordinal="36" offset="366" sl="166" sc="21" el="166" ec="56" bec="0" bev="0" fileid="7" />
                <SequencePoint vc="0" uspid="262" ordinal="37" offset="381" sl="170" sc="13" el="170" ec="14" bec="0" bev="0" fileid="7" />
                <SequencePoint vc="0" uspid="263" ordinal="38" offset="382" sl="171" sc="17" el="171" ec="51" bec="0" bev="0" fileid="7" />
                <SequencePoint vc="0" uspid="264" ordinal="39" offset="397" sl="173" sc="9" el="173" ec="10" bec="0" bev="0" fileid="7" />
              </SequencePoints>
              <BranchPoints>
                <BranchPoint vc="0" uspid="265" ordinal="0" offset="16" sl="129" path="0" offsetend="21" fileid="7" />
                <BranchPoint vc="0" uspid="266" ordinal="1" offset="16" sl="129" path="1" offsetend="381" fileid="7" />
                <BranchPoint vc="0" uspid="267" ordinal="2" offset="35" sl="131" path="0" offsetend="40" fileid="7" />
                <BranchPoint vc="0" uspid="268" ordinal="3" offset="35" sl="131" path="1" offsetend="365" fileid="7" />
                <BranchPoint vc="0" uspid="271" ordinal="6" offset="160" sl="142" path="0" offsetend="162" fileid="7" />
                <BranchPoint vc="0" uspid="272" ordinal="7" offset="160" sl="142" path="1" offsetend="238" fileid="7" />
              </BranchPoints>
              <MethodPoint xsi:type="SequencePoint" vc="0" uspid="225" ordinal="0" offset="0" sl="127" sc="9" el="127" ec="10" bec="0" bev="0" fileid="7" />
            </Method>
            <Method visited="false" cyclomaticComplexity="4" nPathComplexity="0" sequenceCoverage="0" branchCoverage="0" crapScore="20" isConstructor="false" isStatic="false" isGetter="false" isSetter="false">
              <Summary numSequencePoints="16" visitedSequencePoints="0" numBranchPoints="1" visitedBranchPoints="0" sequenceCoverage="0" branchCoverage="0" maxCyclomaticComplexity="4" minCyclomaticComplexity="4" maxCrapScore="20" minCrapScore="20" visitedClasses="0" numClasses="0" visitedMethods="0" numMethods="1" />
              <MetadataToken>100663328</MetadataToken>
              <Name>System.Web.Mvc.ActionResult Presentation.Areas.Rents.Controllers.RentsController::Create2(BAL.Models.ModelBodyRents)</Name>
              <FileRef uid="7" />
              <SequencePoints>
                <SequencePoint vc="0" uspid="275" ordinal="0" offset="0" sl="179" sc="9" el="179" ec="10" bec="0" bev="0" fileid="7" />
                <SequencePoint vc="0" uspid="276" ordinal="1" offset="1" sl="181" sc="13" el="181" ec="14" bec="0" bev="0" fileid="7" />
                <SequencePoint vc="0" uspid="277" ordinal="2" offset="2" sl="182" sc="17" el="182" ec="88" bec="0" bev="0" fileid="7" />
                <SequencePoint vc="0" uspid="278" ordinal="3" offset="20" sl="183" sc="17" el="183" ec="42" bec="0" bev="0" fileid="7" />
                <SequencePoint vc="0" uspid="279" ordinal="4" offset="34" sl="184" sc="17" el="184" ec="45" bec="0" bev="0" fileid="7" />
                <SequencePoint vc="0" uspid="280" ordinal="5" offset="47" sl="185" sc="17" el="185" ec="42" bec="0" bev="0" fileid="7" />
                <SequencePoint vc="0" uspid="281" ordinal="6" offset="59" sl="186" sc="17" el="186" ec="62" bec="0" bev="0" fileid="7" />
                <SequencePoint vc="0" uspid="282" ordinal="7" offset="71" sl="187" sc="17" el="187" ec="66" bec="0" bev="0" fileid="7" />
                <SequencePoint vc="0" uspid="283" ordinal="8" offset="83" sl="189" sc="17" el="189" ec="43" bec="0" bev="0" fileid="7" />
                <SequencePoint vc="0" uspid="284" ordinal="9" offset="177" sl="190" sc="17" el="190" ec="47" bec="0" bev="0" fileid="7" />
                <SequencePoint vc="0" uspid="285" ordinal="10" offset="271" sl="191" sc="17" el="191" ec="55" bec="0" bev="0" fileid="7" />
                <SequencePoint vc="0" uspid="286" ordinal="11" offset="369" sl="193" sc="17" el="193" ec="39" bec="0" bev="0" fileid="7" />
                <SequencePoint vc="0" uspid="287" ordinal="12" offset="383" sl="195" sc="13" el="195" ec="18" bec="0" bev="0" fileid="7" />
                <SequencePoint vc="0" uspid="288" ordinal="13" offset="384" sl="196" sc="13" el="196" ec="14" bec="0" bev="0" fileid="7" />
                <SequencePoint vc="0" uspid="289" ordinal="14" offset="385" sl="197" sc="17" el="197" ec="39" bec="0" bev="0" fileid="7" />
                <SequencePoint vc="0" uspid="290" ordinal="15" offset="399" sl="199" sc="9" el="199" ec="10" bec="0" bev="0" fileid="7" />
              </SequencePoints>
              <BranchPoints />
              <MethodPoint xsi:type="SequencePoint" vc="0" uspid="275" ordinal="0" offset="0" sl="179" sc="9" el="179" ec="10" bec="0" bev="0" fileid="7" />
            </Method>
            <Method visited="false" cyclomaticComplexity="1" nPathComplexity="0" sequenceCoverage="0" branchCoverage="0" crapScore="2" isConstructor="false" isStatic="false" isGetter="false" isSetter="false">
[...]
              <BranchPoints />
              <MethodPoint xsi:type="SequencePoint" vc="0" uspid="344" ordinal="0" offset="0" sl="69" sc="9" el="69" ec="10" bec="0" bev="0" fileid="8" />
            </Method>
          </Methods>
        </Class>
        <Class>
          <Summary numSequencePoints="7" visitedSequencePoints="0" numBranchPoints="1" visitedBranchPoints="0" sequenceCoverage="0" branchCoverage="0" maxCyclomaticComplexity="1" minCyclomaticComplexity="1" maxCrapScore="2" minCrapScore="2" visitedClasses="0" numClasses="1" visitedMethods="0" numMethods="1" />
          <FullName>Bike.BundleConfig</FullName>
          <Methods>
            <Method visited="false" cyclomaticComplexity="1" nPathComplexity="0" sequenceCoverage="0" branchCoverage="0" crapScore="2" isConstructor="false" isStatic="true" isGetter="false" isSetter="false">
              <Summary numSequencePoints="7" visitedSequencePoints="0" numBranchPoints="1" visitedBranchPoints="0" sequenceCoverage="0" branchCoverage="0" maxCyclomaticComplexity="1" minCyclomaticComplexity="1" maxCrapScore="2" minCrapScore="2" visitedClasses="0" numClasses="0" visitedMethods="0" numMethods="1" />
              <MetadataToken>100663339</MetadataToken>
              <Name>System.Void Bike.BundleConfig::RegisterBundles(System.Web.Optimization.BundleCollection)</Name>
              <FileRef uid="9" />
              <SequencePoints>
                <SequencePoint vc="0" uspid="348" ordinal="0" offset="0" sl="10" sc="9" el="10" ec="10" bec="0" bev="0" fileid="9" />
                <SequencePoint vc="0" uspid="349" ordinal="1" offset="1" sl="11" sc="13" el="12" ec="59" bec="0" bev="0" fileid="9" />
                <SequencePoint vc="0" uspid="350" ordinal="2" offset="33" sl="14" sc="13" el="15" ec="56" bec="0" bev="0" fileid="9" />
                <SequencePoint vc="0" uspid="351" ordinal="3" offset="65" sl="19" sc="13" el="20" ec="51" bec="0" bev="0" fileid="9" />
                <SequencePoint vc="0" uspid="352" ordinal="4" offset="97" sl="22" sc="13" el="23" ec="50" bec="0" bev="0" fileid="9" />
                <SequencePoint vc="0" uspid="353" ordinal="5" offset="129" sl="25" sc="13" el="27" ec="46" bec="0" bev="0" fileid="9" />
                <SequencePoint vc="0" uspid="354" ordinal="6" offset="173" sl="28" sc="9" el="28" ec="10" bec="0" bev="0" fileid="9" />
              </SequencePoints>
              <BranchPoints />
              <MethodPoint xsi:type="SequencePoint" vc="0" uspid="348" ordinal="0" offset="0" sl="10" sc="9" el="10" ec="10" bec="0" bev="0" fileid="9" />
            </Method>
            <Method visited="false" cyclomaticComplexity="1" nPathComplexity="0" sequenceCoverage="0" branchCoverage="0" crapScore="2" isConstructor="true" isStatic="false" isGetter="false" isSetter="false">
              <Summary numSequencePoints="0" visitedSequencePoints="0" numBranchPoints="0" visitedBranchPoints="0" sequenceCoverage="0" branchCoverage="0" maxCyclomaticComplexity="1" minCyclomaticComplexity="1" maxCrapScore="2" minCrapScore="2" visitedClasses="0" numClasses="0" visitedMethods="0" numMethods="0" />
              <MetadataToken>100663340</MetadataToken>
              <Name>System.Void Bike.BundleConfig::.ctor()</Name>
              <SequencePoints />
              <BranchPoints />
              <MethodPoint vc="0" uspid="355" ordinal="0" offset="0" />
            </Method>
          </Methods>
        </Class>
        <Class>
          <Summary numSequencePoints="3" visitedSequencePoints="0" numBranchPoints="1" visitedBranchPoints="0" sequenceCoverage="0" branchCoverage="0" maxCyclomaticComplexity="1" minCyclomaticComplexity="1" maxCrapScore="2" minCrapScore="2" visitedClasses="0" numClasses="1" visitedMethods="0" numMethods="1" />
          <FullName>Bike.FilterConfig</FullName>
          <Methods>
            <Method visited="false" cyclomaticComplexity="1" nPathComplexity="0" sequenceCoverage="0" branchCoverage="0" crapScore="2" isConstructor="false" isStatic="true" isGetter="false" isSetter="false">
              <Summary numSequencePoints="3" visitedSequencePoints="0" numBranchPoints="1" visitedBranchPoints="0" sequenceCoverage="0" branchCoverage="0" maxCyclomaticComplexity="1" minCyclomaticComplexity="1" maxCrapScore="2" minCrapScore="2" visitedClasses="0" numClasses="0" visitedMethods="0" numMethods="1" />
              <MetadataToken>100663341</MetadataToken>
              <Name>System.Void Bike.FilterConfig::RegisterGlobalFilters(System.Web.Mvc.GlobalFilterCollection)</Name>
              <FileRef uid="10" />
              <SequencePoints>
                <SequencePoint vc="0" uspid="356" ordinal="0" offset="0" sl="9" sc="9" el="9" ec="10" bec="0" bev="0" fileid="10" />
                <SequencePoint vc="0" uspid="357" ordinal="1" offset="1" sl="10" sc="13" el="10" ec="53" bec="0" bev="0" fileid="10" />
                <SequencePoint vc="0" uspid="358" ordinal="2" offset="13" sl="11" sc="9" el="11" ec="10" bec="0" bev="0" fileid="10" />
              </SequencePoints>
              <BranchPoints />
              <MethodPoint xsi:type="SequencePoint" vc="0" uspid="356" ordinal="0" offset="0" sl="9" sc="9" el="9" ec="10" bec="0" bev="0" fileid="10" />
            </Method>
            <Method visited="false" cyclomaticComplexity="1" nPathComplexity="0" sequenceCoverage="0" branchCoverage="0" crapScore="2" isConstructor="true" isStatic="false" isGetter="false" isSetter="false">
              <Summary numSequencePoints="0" visitedSequencePoints="0" numBranchPoints="0" visitedBranchPoints="0" sequenceCoverage="0" branchCoverage="0" maxCyclomaticComplexity="1" minCyclomaticComplexity="1" maxCrapScore="2" minCrapScore="2" visitedClasses="0" numClasses="0" visitedMethods="0" numMethods="0" />
              <MetadataToken>100663342</MetadataToken>
              <Name>System.Void Bike.FilterConfig::.ctor()</Name>
              <SequencePoints />
              <BranchPoints />
              <MethodPoint vc="0" uspid="359" ordinal="0" offset="0" />
            </Method>
          </Methods>
        </Class>
        <Class>
          <Summary numSequencePoints="4" visitedSequencePoints="0" numBranchPoints="1" visitedBranchPoints="0" sequenceCoverage="0" branchCoverage="0" maxCyclomaticComplexity="1" minCyclomaticComplexity="1" maxCrapScore="2" minCrapScore="2" visitedClasses="0" numClasses="1" visitedMethods="0" numMethods="1" />
          <FullName>Bike.RouteConfig</FullName>
          <Methods>
            <Method visited="false" cyclomaticComplexity="1" nPathComplexity="0" sequenceCoverage="0" branchCoverage="0" crapScore="2" isConstructor="false" isStatic="true" isGetter="false" isSetter="false">
              <Summary numSequencePoints="4" visitedSequencePoints="0" numBranchPoints="1" visitedBranchPoints="0" sequenceCoverage="0" branchCoverage="0" maxCyclomaticComplexity="1" minCyclomaticComplexity="1" maxCrapScore="2" minCrapScore="2" visitedClasses="0" numClasses="0" visitedMethods="0" numMethods="1" />
              <MetadataToken>100663343</MetadataToken>
              <Name>System.Void Bike.RouteConfig::RegisterRoutes(System.Web.Routing.RouteCollection)</Name>
              <FileRef uid="11" />
              <SequencePoints>
                <SequencePoint vc="0" uspid="360" ordinal="0" offset="0" sl="13" sc="9" el="13" ec="10" bec="0" bev="0" fileid="11" />
                <SequencePoint vc="0" uspid="361" ordinal="1" offset="1" sl="14" sc="13" el="14" ec="62" bec="0" bev="0" fileid="11" />
                <SequencePoint vc="0" uspid="362" ordinal="2" offset="13" sl="16" sc="13" el="20" ec="15" bec="0" bev="0" fileid="11" />
                <SequencePoint vc="0" uspid="363" ordinal="3" offset="50" sl="21" sc="9" el="21" ec="10" bec="0" bev="0" fileid="11" />
              </SequencePoints>
              <BranchPoints />
              <MethodPoint xsi:type="SequencePoint" vc="0" uspid="360" ordinal="0" offset="0" sl="13" sc="9" el="13" ec="10" bec="0" bev="0" fileid="11" />
            </Method>
            <Method visited="false" cyclomaticComplexity="1" nPathComplexity="0" sequenceCoverage="0" branchCoverage="0" crapScore="2" isConstructor="true" isStatic="false" isGetter="false" isSetter="false">
              <Summary numSequencePoints="0" visitedSequencePoints="0" numBranchPoints="0" visitedBranchPoints="0" sequenceCoverage="0" branchCoverage="0" maxCyclomaticComplexity="1" minCyclomaticComplexity="1" maxCrapScore="2" minCrapScore="2" visitedClasses="0" numClasses="0" visitedMethods="0" numMethods="0" />
              <MetadataToken>100663344</MetadataToken>
              <Name>System.Void Bike.RouteConfig::.ctor()</Name>
              <SequencePoints />
              <BranchPoints />
              <MethodPoint vc="0" uspid="364" ordinal="0" offset="0" />
            </Method>
          </Methods>
        </Class>
        <Class>
          <Summary numSequencePoints="6" visitedSequencePoints="0" numBranchPoints="1" visitedBranchPoints="0" sequenceCoverage="0" branchCoverage="0" maxCyclomaticComplexity="1" minCyclomaticComplexity="1" maxCrapScore="2" minCrapScore="2" visitedClasses="0" numClasses="1" visitedMethods="0" numMethods="1" />
          <FullName>Bike.MvcApplication</FullName>
          <Methods>
            <Method visited="false" cyclomaticComplexity="1" nPathComplexity="0" sequenceCoverage="0" branchCoverage="0" crapScore="2" isConstructor="false" isStatic="false" isGetter="false" isSetter="false">
              <Summary numSequencePoints="6" visitedSequencePoints="0" numBranchPoints="1" visitedBranchPoints="0" sequenceCoverage="0" branchCoverage="0" maxCyclomaticComplexity="1" minCyclomaticComplexity="1" maxCrapScore="2" minCrapScore="2" visitedClasses="0" numClasses="0" visitedMethods="0" numMethods="1" />
              <MetadataToken>100663345</MetadataToken>
              <Name>System.Void Bike.MvcApplication::Application_Start()</Name>
              <FileRef uid="12" />
              <SequencePoints>
                <SequencePoint vc="0" uspid="365" ordinal="0" offset="0" sl="14" sc="9" el="14" ec="10" bec="0" bev="0" fileid="12" />
                <SequencePoint vc="0" uspid="366" ordinal="1" offset="1" sl="15" sc="13" el="15" ec="49" bec="0" bev="0" fileid="12" />
                <SequencePoint vc="0" uspid="367" ordinal="2" offset="7" sl="16" sc="13" el="16" ec="71" bec="0" bev="0" fileid="12" />
                <SequencePoint vc="0" uspid="368" ordinal="3" offset="18" sl="17" sc="13" el="17" ec="59" bec="0" bev="0" fileid="12" />
                <SequencePoint vc="0" uspid="369" ordinal="4" offset="29" sl="18" sc="13" el="18" ec="63" bec="0" bev="0" fileid="12" />
                <SequencePoint vc="0" uspid="370" ordinal="5" offset="40" sl="19" sc="9" el="19" ec="10" bec="0" bev="0" fileid="12" />
              </SequencePoints>
              <BranchPoints />
              <MethodPoint xsi:type="SequencePoint" vc="0" uspid="365" ordinal="0" offset="0" sl="14" sc="9" el="14" ec="10" bec="0" bev="0" fileid="12" />
            </Method>
            <Method visited="false" cyclomaticComplexity="1" nPathComplexity="0" sequenceCoverage="0" branchCoverage="0" crapScore="2" isConstructor="true" isStatic="false" isGetter="false" isSetter="false">
              <Summary numSequencePoints="0" visitedSequencePoints="0" numBranchPoints="0" visitedBranchPoints="0" sequenceCoverage="0" branchCoverage="0" maxCyclomaticComplexity="1" minCyclomaticComplexity="1" maxCrapScore="2" minCrapScore="2" visitedClasses="0" numClasses="0" visitedMethods="0" numMethods="0" />
              <MetadataToken>100663346</MetadataToken>
              <Name>System.Void Bike.MvcApplication::.ctor()</Name>
              <SequencePoints />
              <BranchPoints />
              <MethodPoint vc="0" uspid="371" ordinal="0" offset="0" />
            </Method>
          </Methods>
        </Class>
        <Class>
          <Summary numSequencePoints="11" visitedSequencePoints="11" numBranchPoints="3" visitedBranchPoints="3" sequenceCoverage="100" branchCoverage="100" maxCyclomaticComplexity="2" minCyclomaticComplexity="1" maxCrapScore="2" minCrapScore="1" visitedClasses="1" numClasses="1" visitedMethods="3" numMethods="3" />
          <FullName>Bike.Controllers.HomeController</FullName>
          <Methods>
            <Method visited="true" cyclomaticComplexity="1" nPathComplexity="0" sequenceCoverage="100" branchCoverage="100" crapScore="1" isConstructor="false" isStatic="false" isGetter="false" isSetter="false">
              <Summary numSequencePoints="3" visitedSequencePoints="3" numBranchPoints="1" visitedBranchPoints="1" sequenceCoverage="100" branchCoverage="100" maxCyclomaticComplexity="1" minCyclomaticComplexity="1" maxCrapScore="1" minCrapScore="1" visitedClasses="0" numClasses="0" visitedMethods="1" numMethods="1" />
              <MetadataToken>100663347</MetadataToken>
              <Name>System.Web.Mvc.ActionResult Bike.Controllers.HomeController::Index()</Name>
              <FileRef uid="13" />
              <SequencePoints>
                <SequencePoint vc="1" uspid="372" ordinal="0" offset="0" sl="12" sc="9" el="12" ec="10" bec="0" bev="0" fileid="13">
                  <TrackedMethodRefs>
                    <TrackedMethodRef uid="2" vc="1" />
                  </TrackedMethodRefs>
                </SequencePoint>
                <SequencePoint vc="1" uspid="373" ordinal="1" offset="1" sl="13" sc="13" el="13" ec="27" bec="0" bev="0" fileid="13">
                  <TrackedMethodRefs>
                    <TrackedMethodRef uid="2" vc="1" />
                  </TrackedMethodRefs>
                </SequencePoint>
                <SequencePoint vc="1" uspid="374" ordinal="2" offset="10" sl="14" sc="9" el="14" ec="10" bec="0" bev="0" fileid="13">
                  <TrackedMethodRefs>
                    <TrackedMethodRef uid="2" vc="1" />
                  </TrackedMethodRefs>
                </SequencePoint>
              </SequencePoints>
              <BranchPoints />
              <MethodPoint xsi:type="SequencePoint" vc="1" uspid="372" ordinal="0" offset="0" sl="12" sc="9" el="12" ec="10" bec="0" bev="0" fileid="13">
                <TrackedMethodRefs>
                  <TrackedMethodRef uid="2" vc="1" />
                </TrackedMethodRefs>
              </MethodPoint>
            </Method>
            <Method visited="true" cyclomaticComplexity="2" nPathComplexity="0" sequenceCoverage="100" branchCoverage="100" crapScore="2" isConstructor="false" isStatic="false" isGetter="false" isSetter="false">
              <Summary numSequencePoints="4" visitedSequencePoints="4" numBranchPoints="1" visitedBranchPoints="1" sequenceCoverage="100" branchCoverage="100" maxCyclomaticComplexity="2" minCyclomaticComplexity="2" maxCrapScore="2" minCrapScore="2" visitedClasses="0" numClasses="0" visitedMethods="1" numMethods="1" />
              <MetadataToken>100663348</MetadataToken>
              <Name>System.Web.Mvc.ActionResult Bike.Controllers.HomeController::About()</Name>
              <FileRef uid="13" />
              <SequencePoints>
                <SequencePoint vc="1" uspid="375" ordinal="0" offset="0" sl="17" sc="9" el="17" ec="10" bec="0" bev="0" fileid="13">
                  <TrackedMethodRefs>
                    <TrackedMethodRef uid="3" vc="1" />
                  </TrackedMethodRefs>
                </SequencePoint>
                <SequencePoint vc="1" uspid="376" ordinal="1" offset="1" sl="18" sc="13" el="18" ec="68" bec="0" bev="0" fileid="13">
                  <TrackedMethodRefs>
                    <TrackedMethodRef uid="3" vc="1" />
                  </TrackedMethodRefs>
                </SequencePoint>
                <SequencePoint vc="1" uspid="377" ordinal="2" offset="99" sl="20" sc="13" el="20" ec="27" bec="0" bev="0" fileid="13">
                  <TrackedMethodRefs>
                    <TrackedMethodRef uid="3" vc="1" />
                  </TrackedMethodRefs>
                </SequencePoint>
                <SequencePoint vc="1" uspid="378" ordinal="3" offset="108" sl="21" sc="9" el="21" ec="10" bec="0" bev="0" fileid="13">
                  <TrackedMethodRefs>
                    <TrackedMethodRef uid="3" vc="1" />
                  </TrackedMethodRefs>
                </SequencePoint>
              </SequencePoints>
              <BranchPoints />
              <MethodPoint xsi:type="SequencePoint" vc="1" uspid="375" ordinal="0" offset="0" sl="17" sc="9" el="17" ec="10" bec="0" bev="0" fileid="13">
                <TrackedMethodRefs>
                  <TrackedMethodRef uid="3" vc="1" />
                </TrackedMethodRefs>
              </MethodPoint>
            </Method>
            <Method visited="true" cyclomaticComplexity="2" nPathComplexity="0" sequenceCoverage="100" branchCoverage="100" crapScore="2" isConstructor="false" isStatic="false" isGetter="false" isSetter="false">
              <Summary numSequencePoints="4" visitedSequencePoints="4" numBranchPoints="1" visitedBranchPoints="1" sequenceCoverage="100" branchCoverage="100" maxCyclomaticComplexity="2" minCyclomaticComplexity="2" maxCrapScore="2" minCrapScore="2" visitedClasses="0" numClasses="0" visitedMethods="1" numMethods="1" />
              <MetadataToken>100663349</MetadataToken>
              <Name>System.Web.Mvc.ActionResult Bike.Controllers.HomeController::Contact()</Name>
              <FileRef uid="13" />
              <SequencePoints>
                <SequencePoint vc="1" uspid="381" ordinal="0" offset="0" sl="24" sc="9" el="24" ec="10" bec="0" bev="0" fileid="13">
                  <TrackedMethodRefs>
                    <TrackedMethodRef uid="4" vc="1" />
                  </TrackedMethodRefs>
                </SequencePoint>
                <SequencePoint vc="1" uspid="382" ordinal="1" offset="1" sl="25" sc="13" el="25" ec="52" bec="0" bev="0" fileid="13">
                  <TrackedMethodRefs>
                    <TrackedMethodRef uid="4" vc="1" />
                  </TrackedMethodRefs>
                </SequencePoint>
                <SequencePoint vc="1" uspid="383" ordinal="2" offset="99" sl="27" sc="13" el="27" ec="27" bec="0" bev="0" fileid="13">
                  <TrackedMethodRefs>
                    <TrackedMethodRef uid="4" vc="1" />
                  </TrackedMethodRefs>
                </SequencePoint>
                <SequencePoint vc="1" uspid="384" ordinal="3" offset="108" sl="28" sc="9" el="28" ec="10" bec="0" bev="0" fileid="13">
                  <TrackedMethodRefs>
                    <TrackedMethodRef uid="4" vc="1" />
                  </TrackedMethodRefs>
                </SequencePoint>
              </SequencePoints>
              <BranchPoints />
              <MethodPoint xsi:type="SequencePoint" vc="1" uspid="381" ordinal="0" offset="0" sl="24" sc="9" el="24" ec="10" bec="0" bev="0" fileid="13">
                <TrackedMethodRefs>
                  <TrackedMethodRef uid="4" vc="1" />
                </TrackedMethodRefs>
              </MethodPoint>
            </Method>
            <Method visited="false" cyclomaticComplexity="1" nPathComplexity="0" sequenceCoverage="0" branchCoverage="0" crapScore="2" isConstructor="true" isStatic="false" isGetter="false" isSetter="false">
              <Summary numSequencePoints="0" visitedSequencePoints="0" numBranchPoints="0" visitedBranchPoints="0" sequenceCoverage="0" branchCoverage="0" maxCyclomaticComplexity="1" minCyclomaticComplexity="1" maxCrapScore="2" minCrapScore="2" visitedClasses="0" numClasses="0" visitedMethods="0" numMethods="0" />
              <MetadataToken>100663350</MetadataToken>
              <Name>System.Void Bike.Controllers.HomeController::.ctor()</Name>
              <SequencePoints />
              <BranchPoints />
              <MethodPoint vc="0" uspid="387" ordinal="0" offset="0" />
            </Method>
          </Methods>
        </Class>
      </Classes>
      <TrackedMethods />
    </Module>
  </Modules>
</CoverageSession>